\BOOKMARK [0][-]{chapter.1}{\376\377\000P\000r\000e\000m\000i\000s\000e\000s}{}% 1
\BOOKMARK [1][-]{section.1.1}{\376\377\000P\000r\000e\000l\000i\000m\000i\000n\000a\000r\000y\000\040\000r\000e\000f\000l\000e\000c\000t\000i\000o\000n\000s}{chapter.1}% 2
\BOOKMARK [2][-]{subsection.1.1.1}{\376\377\000C\000o\000n\000c\000r\000e\000t\000e\000\040\000t\000h\000i\000n\000g\000s}{section.1.1}% 3
\BOOKMARK [2][-]{subsection.1.1.2}{\376\377\000P\000r\000e\000-\000l\000i\000n\000g\000u\000i\000s\000t\000i\000c}{section.1.1}% 4
\BOOKMARK [3][-]{section*.3}{\376\377\000N\000a\000t\000u\000r\000a\000l\000\040\000l\000a\000n\000g\000u\000a\000g\000e}{subsection.1.1.2}% 5
\BOOKMARK [3][-]{section*.4}{\376\377\000M\000u\000s\000i\000c\000a\000l\000\040\000l\000a\000n\000g\000u\000a\000g\000e}{subsection.1.1.2}% 6
\BOOKMARK [2][-]{subsection.1.1.3}{\376\377\000C\000o\000m\000p\000o\000s\000e\000\040\000a\000\040\000p\000h\000o\000n\000e\000\040\000n\000u\000m\000b\000e\000r}{section.1.1}% 7
\BOOKMARK [3][-]{section*.5}{\376\377\000P\000h\000o\000n\000e\000t\000i\000c\000-\000p\000h\000o\000n\000o\000l\000o\000g\000i\000c\000a\000l\000\040\000l\000e\000v\000e\000l\000\040}{subsection.1.1.3}% 8
\BOOKMARK [3][-]{section*.6}{\376\377\000M\000o\000r\000p\000h\000o\000s\000y\000n\000t\000a\000c\000t\000i\000c\000\040\000l\000e\000v\000e\000l\000\040}{subsection.1.1.3}% 9
\BOOKMARK [3][-]{section*.7}{\376\377\000S\000y\000n\000t\000a\000c\000t\000i\000c\000\040\000l\000e\000v\000e\000l\000\040}{subsection.1.1.3}% 10
\BOOKMARK [3][-]{section*.8}{\376\377\000S\000e\000m\000a\000n\000t\000i\000c\000\040\000l\000e\000v\000e\000l}{subsection.1.1.3}% 11
\BOOKMARK [2][-]{subsection.1.1.4}{\376\377\000P\000e\000r\000c\000e\000i\000v\000e\000\040\000a\000n\000d\000\040\000p\000r\000o\000c\000e\000s\000s\000\040}{section.1.1}% 12
\BOOKMARK [2][-]{subsection.1.1.5}{\376\377\000R\000e\000-\000c\000o\000m\000p\000o\000s\000e\000\040\000a\000\040\000p\000u\000z\000z\000l\000e}{section.1.1}% 13
\BOOKMARK [1][-]{section.1.2}{\376\377\000M\000u\000s\000i\000c\000'\000s\000\040\000m\000e\000a\000n\000i\000n\000g\000s\000\040}{chapter.1}% 14
\BOOKMARK [2][-]{subsection.1.2.1}{\376\377\000S\000i\000g\000n\000s\000\040\000a\000n\000d\000\040\000s\000o\000u\000n\000d\000s\000\040}{section.1.2}% 15
\BOOKMARK [2][-]{subsection.1.2.2}{\376\377\000C\000o\000m\000p\000o\000s\000e\000r\000s\000,\000\040\000p\000l\000a\000y\000e\000r\000s\000\040\000a\000n\000d\000\040\000l\000i\000s\000t\000e\000n\000e\000r\000s\000\040}{section.1.2}% 16
\BOOKMARK [2][-]{subsection.1.2.3}{\376\377\000D\000o\000\040\000y\000o\000u\000\040\000k\000n\000o\000w\000\040\000t\000h\000i\000s\000\040\000m\000u\000s\000i\000c\000?\000\040}{section.1.2}% 17
\BOOKMARK [2][-]{subsection.1.2.4}{\376\377\000D\000o\000\040\000y\000o\000u\000\040\000l\000i\000k\000e\000\040\000t\000h\000i\000s\000\040\000m\000u\000s\000i\000c\000?}{section.1.2}% 18
\BOOKMARK [2][-]{subsection.1.2.5}{\376\377\000T\000e\000x\000t\000s\000\040\000a\000n\000d\000\040\000n\000a\000r\000r\000a\000t\000i\000v\000e\000s}{section.1.2}% 19
\BOOKMARK [1][-]{section.1.3}{\376\377\000F\000o\000r\000m\000s\000\040\000o\000f\000\040\000h\000u\000m\000a\000n\000\040\000e\000x\000p\000r\000e\000s\000s\000i\000o\000n}{chapter.1}% 20
\BOOKMARK [2][-]{subsection.1.3.1}{\376\377\000P\000o\000i\000e\000t\000i\000c\000\040\000d\000i\000m\000e\000n\000s\000i\000o\000n}{section.1.3}% 21
\BOOKMARK [2][-]{subsection.1.3.2}{\376\377\000A\000e\000s\000t\000h\000e\000s\000i\000c\000\040\000d\000i\000m\000e\000n\000s\000i\000o\000n}{section.1.3}% 22
\BOOKMARK [2][-]{subsection.1.3.3}{\376\377\000T\000h\000e\000\040\000w\000o\000r\000k\000\040\000i\000t\000s\000e\000l\000f}{section.1.3}% 23
\BOOKMARK [2][-]{subsection.1.3.4}{\376\377\000F\000i\000n\000a\000l\000\040\000r\000e\000f\000l\000e\000c\000t\000i\000o\000n\000s}{section.1.3}% 24
\BOOKMARK [0][-]{chapter.2}{\376\377\000G\000e\000n\000r\000e\000s\000,\000\040\000i\000n\000s\000t\000r\000u\000m\000e\000n\000t\000s\000\040\000a\000n\000d\000\040\000t\000o\000o\000l\000s}{}% 25
\BOOKMARK [1][-]{section.2.1}{\376\377\000G\000e\000n\000r\000e\000s}{chapter.2}% 26
\BOOKMARK [1][-]{section.2.2}{\376\377\000N\000o\000n\000\040\000i\000n\000t\000e\000r\000a\000c\000t\000i\000v\000e\000\040\000s\000y\000s\000t\000e\000m\000s}{chapter.2}% 27
\BOOKMARK [2][-]{subsection.2.2.1}{\376\377\000F\000i\000x\000e\000d\000\040\000m\000e\000d\000i\000a\000\040\000m\000u\000s\000i\000c\000\040}{section.2.2}% 28
\BOOKMARK [3][-]{section*.9}{\376\377\000A\000c\000o\000u\000s\000m\000a\000t\000i\000c\000\040\000m\000u\000s\000i\000c\000\040}{subsection.2.2.1}% 29
\BOOKMARK [3][-]{section*.10}{\376\377\000W\000a\000l\000l\000p\000a\000p\000e\000r\000\040\000m\000u\000s\000i\000c\000,\000\040\000a\000m\000b\000i\000e\000n\000t\000\040\000m\000u\000s\000i\000c\000\040\000a\000n\000d\000\040\000s\000o\000u\000n\000d\000s\000c\000a\000p\000e\000s\000\040}{subsection.2.2.1}% 30
\BOOKMARK [3][-]{section*.11}{\376\377\000R\000a\000d\000i\000o\000d\000r\000a\000m\000a\000\040}{subsection.2.2.1}% 31
\BOOKMARK [3][-]{section*.12}{\376\377\000C\000o\000m\000p\000u\000t\000e\000r\000\040\000m\000u\000s\000i\000c\000\040\000-\000\040\000a\000l\000g\000o\000r\000i\000t\000h\000m\000i\000c\000\040\000c\000o\000m\000p\000o\000s\000i\000t\000i\000o\000n}{subsection.2.2.1}% 32
\BOOKMARK [2][-]{subsection.2.2.2}{\376\377\000L\000i\000v\000e\000\040\000s\000e\000q\000u\000e\000n\000c\000i\000n\000g}{section.2.2}% 33
\BOOKMARK [3][-]{section*.13}{\376\377\000S\000o\000u\000n\000d\000\040\000d\000e\000s\000i\000g\000n\000\040\000f\000o\000r\000\040\000p\000e\000r\000f\000o\000r\000m\000i\000n\000g\000\040\000a\000r\000t\000s\000\040\000o\000r\000\040\000v\000i\000d\000e\000o\000\040}{subsection.2.2.2}% 34
\BOOKMARK [3][-]{section*.14}{\376\377\000S\000o\000u\000n\000d\000\040\000d\000e\000s\000i\000g\000n\000\040\000f\000o\000r\000\040\000g\000a\000m\000i\000n\000g}{subsection.2.2.2}% 35
\BOOKMARK [1][-]{section.2.3}{\376\377\000I\000n\000t\000e\000r\000a\000c\000t\000i\000v\000e\000\040\000s\000y\000s\000t\000e\000m\000s\000\040}{chapter.2}% 36
\BOOKMARK [2][-]{subsection.2.3.1}{\376\377\000H\000y\000p\000e\000r\000-\000i\000n\000s\000t\000r\000u\000m\000e\000n\000t}{section.2.3}% 37
\BOOKMARK [2][-]{subsection.2.3.2}{\376\377\000L\000i\000v\000e\000\040\000s\000e\000t\000\040}{section.2.3}% 38
\BOOKMARK [2][-]{subsection.2.3.3}{\376\377\000L\000i\000v\000e\000\040\000c\000o\000d\000i\000n\000g}{section.2.3}% 39
\BOOKMARK [1][-]{section.2.4}{\376\377\000T\000h\000e\000\040\000v\000i\000r\000t\000u\000a\000l\000\040\000i\000n\000s\000t\000r\000u\000m\000e\000n\000t\000\040\000p\000a\000r\000a\000d\000i\000g\000m}{chapter.2}% 40
\BOOKMARK [2][-]{subsection.2.4.1}{\376\377\000S\000o\000f\000t\000w\000a\000r\000e\000\040\000i\000n\000s\000t\000a\000l\000l\000a\000t\000i\000o\000n\000\040}{section.2.4}% 41
\BOOKMARK [2][-]{subsection.2.4.2}{\376\377\000I\000n\000s\000t\000r\000u\000m\000e\000n\000t\000a\000l\000\040\000m\000o\000d\000e\000l}{section.2.4}% 42
\BOOKMARK [0][-]{chapter.3}{\376\377\000F\000i\000x\000e\000d\000\040\000m\000e\000d\000i\000a}{}% 43
\BOOKMARK [1][-]{section.3.1}{\376\377\000H\000i\000s\000t\000o\000r\000i\000c\000a\000l\000\040\000f\000r\000a\000m\000e\000w\000o\000r\000k}{chapter.3}% 44
\BOOKMARK [1][-]{section.3.2}{\376\377\000E\000l\000e\000m\000e\000n\000t\000s\000\040\000a\000n\000d\000\040\000s\000t\000r\000a\000t\000e\000g\000i\000e\000s}{chapter.3}% 45
\BOOKMARK [2][-]{subsection.3.2.1}{\376\377\000S\000o\000u\000n\000d\000\040\000o\000b\000j\000e\000c\000t\000s}{section.3.2}% 46
\BOOKMARK [2][-]{subsection.3.2.2}{\376\377\000O\000b\000j\000e\000c\000t\000s\000,\000\040\000s\000t\000r\000u\000c\000t\000u\000r\000e\000\040\000a\000n\000d\000\040\000f\000o\000r\000m\000\040}{section.3.2}% 47
\BOOKMARK [2][-]{subsection.3.2.3}{\376\377\000M\000u\000s\000i\000c\000a\000l\000\040\000o\000b\000j\000e\000c\000t\000s}{section.3.2}% 48
\BOOKMARK [2][-]{subsection.3.2.4}{\376\377\000T\000i\000m\000e\000\040\000c\000o\000u\000r\000s\000e\000s\000\040\000a\000n\000d\000\040\000m\000u\000s\000i\000c\000a\000l\000\040\000f\000o\000r\000m\000s}{section.3.2}% 49
\BOOKMARK [2][-]{subsection.3.2.5}{\376\377\000T\000h\000e\000\040\000p\000o\000i\000e\000t\000i\000c\000\040\000d\000i\000m\000e\000n\000s\000i\000o\000n\000:\000\040\000d\000e\000t\000e\000r\000m\000i\000n\000i\000s\000m}{section.3.2}% 50
\BOOKMARK [1][-]{section.3.3}{\376\377\000S\000o\000u\000n\000d\000\040\000p\000r\000o\000c\000e\000s\000s\000i\000n\000g\000\040\000t\000e\000c\000h\000n\000i\000q\000u\000e\000s\000\040\000i\000n\000\040\000S\000u\000p\000e\000r\000C\000o\000l\000l\000i\000d\000e\000r}{chapter.3}% 51
\BOOKMARK [2][-]{subsection.3.3.1}{\376\377\000B\000u\000f\000f\000e\000r\000s}{section.3.3}% 52
\BOOKMARK [2][-]{subsection.3.3.2}{\376\377\000S\000a\000m\000p\000l\000i\000n\000g\000\040}{section.3.3}% 53
\BOOKMARK [3][-]{section*.15}{\376\377\000S\000e\000q\000u\000e\000n\000c\000i\000n\000g}{subsection.3.3.2}% 54
\BOOKMARK [3][-]{section*.16}{\376\377\000E\000n\000v\000e\000l\000o\000p\000i\000n\000g}{subsection.3.3.2}% 55
\BOOKMARK [2][-]{subsection.3.3.3}{\376\377\000S\000c\000r\000a\000t\000c\000h\000i\000n\000g}{section.3.3}% 56
\BOOKMARK [2][-]{subsection.3.3.4}{\376\377\000S\000t\000r\000u\000c\000t\000u\000r\000e\000s\000,\000\040\000D\000A\000W\000\040\000a\000n\000d\000\040\000s\000c\000o\000r\000i\000n\000g}{section.3.3}% 57
\BOOKMARK [2][-]{subsection.3.3.5}{\376\377\000C\000o\000m\000p\000o\000s\000i\000t\000i\000o\000n\000\040\000s\000k\000e\000t\000c\000h\000e\000s\000\040\000p\000r\000o\000p\000o\000s\000a\000l}{section.3.3}% 58
\BOOKMARK [0][-]{chapter.4}{\376\377\000C\000o\000m\000p\000u\000t\000e\000r\000\040\000m\000u\000s\000i\000c}{}% 59
\BOOKMARK [1][-]{section.4.1}{\376\377\000H\000i\000s\000t\000o\000r\000i\000c\000a\000l\000\040\000f\000r\000a\000m\000e\000w\000o\000r\000k}{chapter.4}% 60
\BOOKMARK [1][-]{section.4.2}{\376\377\000R\000a\000n\000d\000o\000m\000n\000e\000s\000s}{chapter.4}% 61
\BOOKMARK [2][-]{subsection.4.2.1}{\376\377\000C\000h\000a\000n\000c\000e\000\040}{section.4.2}% 62
\BOOKMARK [2][-]{subsection.4.2.2}{\376\377\000I\000n\000d\000e\000t\000e\000r\000m\000i\000n\000a\000c\000y}{section.4.2}% 63
\BOOKMARK [2][-]{subsection.4.2.3}{\376\377\000A\000l\000e\000a}{section.4.2}% 64
\BOOKMARK [1][-]{section.4.3}{\376\377\000S\000o\000u\000n\000d\000\040\000s\000y\000n\000t\000h\000e\000s\000i\000s}{chapter.4}% 65
\BOOKMARK [2][-]{subsection.4.3.1}{\376\377\000A\000d\000d\000i\000t\000i\000v\000e}{section.4.3}% 66
\BOOKMARK [3][-]{section*.17}{\376\377\000W\000a\000v\000e\000t\000a\000b\000l\000e\000s}{subsection.4.3.1}% 67
\BOOKMARK [3][-]{section*.18}{\376\377\000V\000e\000c\000t\000o\000r\000i\000a\000l}{subsection.4.3.1}% 68
\BOOKMARK [3][-]{section*.19}{\376\377\000P\000W\000M}{subsection.4.3.1}% 69
\BOOKMARK [3][-]{section*.20}{\376\377\000C\000l\000a\000s\000s\000i\000c}{subsection.4.3.1}% 70
\BOOKMARK [2][-]{subsection.4.3.2}{\376\377\000S\000u\000b\000t\000r\000a\000c\000t\000i\000v\000e}{section.4.3}% 71
\BOOKMARK [2][-]{subsection.4.3.3}{\376\377\000F\000M}{section.4.3}% 72
\BOOKMARK [2][-]{subsection.4.3.4}{\376\377\000F\000F\000T}{section.4.3}% 73
\BOOKMARK [3][-]{section*.21}{\376\377\000S\000p\000e\000c\000t\000r\000a\000l\000\040\000D\000e\000l\000a\000y}{subsection.4.3.4}% 74
\BOOKMARK [3][-]{section*.22}{\376\377\000B\000r\000i\000c\000k\000\040\000W\000a\000l\000l\000\040\000f\000i\000l\000t\000e\000r}{subsection.4.3.4}% 75
\BOOKMARK [3][-]{section*.23}{\376\377\000R\000e\000c\000t\000\040\000C\000o\000m\000b\000\040\000f\000i\000l\000t\000e\000r}{subsection.4.3.4}% 76
\BOOKMARK [3][-]{section*.24}{\376\377\000M\000a\000g\000\040\000S\000m\000e\000a\000r}{subsection.4.3.4}% 77
\BOOKMARK [3][-]{section*.25}{\376\377\000F\000r\000e\000e\000z\000e}{subsection.4.3.4}% 78
\BOOKMARK [3][-]{section*.26}{\376\377\000C\000r\000o\000s\000s\000\040\000s\000y\000n\000t\000h\000e\000s\000y\000s\000.}{subsection.4.3.4}% 79
\BOOKMARK [1][-]{section.4.4}{\376\377\000A\000l\000g\000o\000r\000i\000t\000h\000m\000i\000c\000\040\000s\000t\000r\000u\000c\000t\000u\000r\000e\000s}{chapter.4}% 80
\BOOKMARK [1][-]{section.4.5}{\376\377\000C\000o\000m\000p\000o\000s\000i\000t\000i\000o\000n\000\040\000s\000k\000e\000t\000c\000h\000e\000s\000\040\000p\000r\000o\000p\000o\000s\000a\000l}{chapter.4}% 81
\BOOKMARK [0][-]{chapter.5}{\376\377\000A\000l\000g\000o\000r\000i\000t\000h\000m\000i\000c\000\040\000c\000o\000m\000p\000o\000s\000i\000t\000i\000o\000n}{}% 82
\BOOKMARK [1][-]{section.5.1}{\376\377\000H\000i\000s\000t\000o\000r\000i\000c\000a\000l\000\040\000f\000r\000a\000m\000e\000w\000o\000r\000k}{chapter.5}% 83
\BOOKMARK [1][-]{section.5.2}{\376\377\000S\000o\000f\000t\000w\000a\000r\000e\000\040\000i\000n\000s\000t\000a\000l\000l\000a\000t\000i\000o\000n}{chapter.5}% 84
\BOOKMARK [1][-]{section.5.3}{\376\377\000S\000y\000m\000b\000o\000l\000i\000c\000\040\000m\000u\000s\000i\000c\000a\000l\000\040\000r\000e\000p\000r\000e\000s\000e\000n\000t\000a\000t\000i\000o\000n\000\040\000a\000n\000d\000\040\000n\000u\000m\000b\000e\000r\000s}{chapter.5}% 85
\BOOKMARK [2][-]{subsection.5.3.1}{\376\377\000P\000i\000t\000c\000h}{section.5.3}% 86
\BOOKMARK [2][-]{subsection.5.3.2}{\376\377\000R\000h\000y\000t\000h\000m}{section.5.3}% 87
\BOOKMARK [2][-]{subsection.5.3.3}{\376\377\000D\000y\000n\000a\000m\000i\000c}{section.5.3}% 88
\BOOKMARK [2][-]{subsection.5.3.4}{\376\377\000C\000o\000l\000l\000e\000c\000t\000i\000o\000n\000s}{section.5.3}% 89
\BOOKMARK [2][-]{subsection.5.3.5}{\376\377\000L\000i\000v\000e}{section.5.3}% 90
\BOOKMARK [1][-]{section.5.4}{\376\377\000G\000e\000n\000e\000r\000a\000t\000i\000v\000e\000\040\000t\000e\000c\000h\000n\000i\000q\000u\000e\000s\000\040\000a\000n\000d\000\040\000p\000r\000o\000c\000e\000s\000s\000e\000s}{chapter.5}% 91
\BOOKMARK [2][-]{subsection.5.4.1}{\376\377\000M\000o\000d\000e\000s\000\040\000a\000n\000d\000\040\000s\000c\000a\000l\000e\000s}{section.5.4}% 92
\BOOKMARK [3][-]{section*.27}{\376\377\000S\000c\000a\000l\000e}{subsection.5.4.1}% 93
\BOOKMARK [3][-]{section*.28}{\376\377\000I\000n\000c\000i\000s\000e\000s\000\040\000a\000n\000d\000\040\000m\000o\000t\000i\000v\000e\000s}{subsection.5.4.1}% 94
\BOOKMARK [3][-]{section*.29}{\376\377\000V\000a\000r\000i\000a\000t\000i\000o\000n\000s}{subsection.5.4.1}% 95
\BOOKMARK [2][-]{subsection.5.4.2}{\376\377\000H\000a\000r\000m\000o\000n\000i\000c\000\040\000f\000i\000e\000l\000d\000s}{section.5.4}% 96
\BOOKMARK [3][-]{section*.30}{\376\377\000C\000h\000o\000r\000d\000\040\000d\000a\000t\000a\000b\000a\000s\000e}{subsection.5.4.2}% 97
\BOOKMARK [3][-]{section*.31}{\376\377\000V\000o\000i\000c\000i\000n\000g}{subsection.5.4.2}% 98
\BOOKMARK [3][-]{section*.32}{\376\377\000V\000o\000i\000c\000e\000-\000l\000e\000a\000d\000i\000n\000g}{subsection.5.4.2}% 99
\BOOKMARK [3][-]{section*.33}{\376\377\000M\000e\000l\000o\000d\000i\000e\000s}{subsection.5.4.2}% 100
\BOOKMARK [1][-]{section.5.5}{\376\377\000C\000o\000m\000p\000o\000s\000i\000t\000i\000o\000n\000\040\000s\000k\000e\000t\000c\000h\000e\000s\000\040\000p\000r\000o\000p\000o\000s\000a\000l}{chapter.5}% 101
\BOOKMARK [0][-]{chapter.6}{\376\377\000F\000r\000o\000m\000\040\000l\000i\000v\000e\000\040\000s\000e\000t\000\040\000t\000o\000\040\000l\000a\000p\000t\000o\000p\000\040\000e\000n\000s\000e\000m\000b\000l\000e}{}% 102
\BOOKMARK [1][-]{section.6.1}{\376\377\000H\000i\000s\000t\000o\000r\000i\000c\000a\000l\000\040\000f\000r\000a\000m\000e\000w\000o\000r\000k}{chapter.6}% 103
\BOOKMARK [2][-]{subsection.6.1.1}{\376\377\000E\000x\000p\000e\000r\000i\000m\000e\000n\000t\000a\000l\000\040\000f\000i\000e\000l\000d\000s}{section.6.1}% 104
\BOOKMARK [2][-]{subsection.6.1.2}{\376\377\000H\000i\000s\000t\000o\000r\000i\000c\000a\000l\000\040\000f\000r\000a\000m\000e\000w\000o\000r\000k}{section.6.1}% 105
\BOOKMARK [1][-]{section.6.2}{\376\377\000I\000n\000t\000e\000r\000a\000c\000t\000i\000o\000n\000\040\000t\000y\000p\000e\000s}{chapter.6}% 106
\BOOKMARK [2][-]{subsection.6.2.1}{\376\377\000T\000r\000i\000g\000g\000e\000r}{section.6.2}% 107
\BOOKMARK [2][-]{subsection.6.2.2}{\376\377\000S\000w\000i\000t\000c\000h}{section.6.2}% 108
\BOOKMARK [2][-]{subsection.6.2.3}{\376\377\000C\000o\000n\000t\000i\000n\000u\000o\000s}{section.6.2}% 109
\BOOKMARK [2][-]{subsection.6.2.4}{\376\377\000C\000o\000n\000v\000e\000r\000s\000i\000o\000n\000s}{section.6.2}% 110
\BOOKMARK [3][-]{section*.38}{\376\377\000S\000m\000o\000o\000t\000h\000i\000n\000g}{subsection.6.2.4}% 111
\BOOKMARK [3][-]{section*.39}{\376\377\000S\000a\000m\000p\000l\000e\000\040\000a\000n\000d\000\040\000h\000o\000l\000d}{subsection.6.2.4}% 112
\BOOKMARK [3][-]{section*.40}{\376\377\000T\000h\000r\000e\000s\000h\000o\000l\000d\000s}{subsection.6.2.4}% 113
\BOOKMARK [1][-]{section.6.3}{\376\377\000C\000o\000n\000t\000r\000o\000l\000\040\000s\000i\000g\000n\000a\000l\000s}{chapter.6}% 114
\BOOKMARK [2][-]{subsection.6.3.1}{\376\377\000T\000y\000p\000e\000s}{section.6.3}% 115
\BOOKMARK [2][-]{subsection.6.3.2}{\376\377\000S\000c\000a\000l\000i\000n\000g}{section.6.3}% 116
\BOOKMARK [2][-]{subsection.6.3.3}{\376\377\000P\000l\000u\000g\000g\000i\000n\000g}{section.6.3}% 117
\BOOKMARK [1][-]{section.6.4}{\376\377\000M\000I\000D\000I}{chapter.6}% 118
\BOOKMARK [2][-]{subsection.6.4.1}{\376\377\000R\000e\000c\000e\000i\000v\000e}{section.6.4}% 119
\BOOKMARK [2][-]{subsection.6.4.2}{\376\377\000S\000e\000n\000d}{section.6.4}% 120
\BOOKMARK [2][-]{subsection.6.4.3}{\376\377\000V\000o\000i\000c\000e\000\040\000a\000l\000l\000o\000c\000a\000t\000i\000o\000n}{section.6.4}% 121
\BOOKMARK [3][-]{section*.41}{\376\377\000M\000o\000n\000o\000p\000h\000o\000n\000i\000c\000\040\000s\000y\000n\000t\000h}{subsection.6.4.3}% 122
\BOOKMARK [3][-]{section*.42}{\376\377\000P\000o\000l\000i\000p\000h\000o\000n\000i\000c\000\040\000s\000y\000n\000t\000h\000\040\000w\000i\000t\000h\000o\000u\000t\000\040\000s\000u\000s\000t\000a\000i\000n\000\040\000e\000n\000v\000e\000l\000o\000p\000e}{subsection.6.4.3}% 123
\BOOKMARK [3][-]{section*.43}{\376\377\000P\000o\000l\000i\000p\000h\000o\000n\000i\000c\000\040\000s\000y\000n\000t\000h\000\040\000w\000i\000t\000h\000\040\000s\000u\000s\000t\000a\000i\000n\000\040\000e\000n\000v\000e\000l\000o\000p\000e}{subsection.6.4.3}% 124
\BOOKMARK [1][-]{section.6.5}{\376\377\000O\000S\000C}{chapter.6}% 125
\BOOKMARK [2][-]{subsection.6.5.1}{\376\377\000R\000e\000c\000e\000i\000v\000e}{section.6.5}% 126
\BOOKMARK [2][-]{subsection.6.5.2}{\376\377\000S\000e\000n\000d}{section.6.5}% 127
\BOOKMARK [1][-]{section.6.6}{\376\377\000H\000I\000D}{chapter.6}% 128
\BOOKMARK [2][-]{subsection.6.6.1}{\376\377\000M\000o\000u\000s\000e}{section.6.6}% 129
\BOOKMARK [3][-]{section*.44}{\376\377\000C\000l\000i\000e\000n\000t\000\040\000s\000i\000d\000e}{subsection.6.6.1}% 130
\BOOKMARK [3][-]{section*.49}{\376\377\000S\000e\000r\000v\000e\000r\000\040\000s\000i\000d\000e}{subsection.6.6.1}% 131
\BOOKMARK [2][-]{subsection.6.6.2}{\376\377\000K\000e\000y\000b\000o\000a\000r\000d}{section.6.6}% 132
\BOOKMARK [3][-]{section*.50}{\376\377\000C\000l\000i\000e\000n\000t\000\040\000s\000i\000d\000e}{subsection.6.6.2}% 133
\BOOKMARK [3][-]{section*.53}{\376\377\000S\000e\000r\000v\000e\000r\000\040\000s\000i\000d\000e}{subsection.6.6.2}% 134
\BOOKMARK [1][-]{section.6.7}{\376\377\000L\000i\000v\000e\000\040\000p\000l\000a\000y\000b\000a\000c\000k\000\040\000a\000n\000d\000\040\000s\000y\000n\000t\000h\000e\000s\000i\000s}{chapter.6}% 135
\BOOKMARK [2][-]{subsection.6.7.1}{\376\377\000O\000n\000e\000\040\000s\000h\000o\000t}{section.6.7}% 136
\BOOKMARK [2][-]{subsection.6.7.2}{\376\377\000M\000a\000p\000p\000i\000n\000g}{section.6.7}% 137
\BOOKMARK [3][-]{section*.54}{\376\377\000K\000e\000y\000\040\000\040\000s\000o\000u\000n\000d\000f\000i\000l\000e\000\040}{subsection.6.7.2}% 138
\BOOKMARK [3][-]{section*.55}{\376\377\000K\000e\000y\000\040\000\040\000p\000l\000a\000y\000b\000a\000c\000k\000\040\000r\000a\000t\000e\000\040\000\050\000t\000r\000a\000n\000s\000p\000o\000s\000i\000t\000i\000o\000n\000\051\000\040}{subsection.6.7.2}% 139
\BOOKMARK [3][-]{section*.56}{\376\377\000K\000e\000y\000\040\000\040\000s\000t\000a\000r\000t\000\040\000p\000o\000s\000i\000t\000i\000o\000n\000\040}{subsection.6.7.2}% 140
\BOOKMARK [2][-]{subsection.6.7.3}{\376\377\000C\000u\000e\000s}{section.6.7}% 141
\BOOKMARK [1][-]{section.6.8}{\376\377\000C\000o\000m\000p\000o\000s\000i\000t\000i\000o\000n\000\040\000s\000k\000e\000t\000c\000h\000e\000s\000\040\000p\000r\000o\000p\000o\000s\000a\000l}{chapter.6}% 142
\BOOKMARK [0][-]{chapter.7}{\376\377\000H\000y\000p\000e\000r\000-\000i\000n\000s\000t\000r\000u\000m\000e\000n\000t\000s}{}% 143
\BOOKMARK [1][-]{section.7.1}{\376\377\000H\000i\000s\000t\000o\000r\000i\000c\000a\000l\000\040\000f\000r\000a\000m\000e\000w\000o\000r\000k}{chapter.7}% 144
\BOOKMARK [1][-]{section.7.2}{\376\377\000S\000o\000f\000t\000w\000a\000r\000e\000\040\000m\000o\000d\000e\000l}{chapter.7}% 145
\BOOKMARK [2][-]{subsection.7.2.1}{\376\377\000B\000u\000s\000\040\000a\000n\000d\000\040\000G\000r\000o\000u\000p\000s}{section.7.2}% 146
\BOOKMARK [1][-]{section.7.3}{\376\377\000F\000e\000a\000t\000u\000r\000e\000\040\000e\000x\000t\000r\000a\000c\000t\000i\000o\000n\000\040\000a\000s\000\040\000c\000o\000n\000t\000r\000o\000l\000\040\000s\000i\000g\000n\000a\000l\000s}{chapter.7}% 147
\BOOKMARK [2][-]{subsection.7.3.1}{\376\377\000E\000n\000v\000e\000l\000o\000p\000e\000\040\000f\000o\000l\000l\000o\000w\000e\000r}{section.7.3}% 148
\BOOKMARK [2][-]{subsection.7.3.2}{\376\377\000P\000i\000t\000c\000h\000\040\000f\000o\000l\000l\000o\000w\000e\000r}{section.7.3}% 149
\BOOKMARK [2][-]{subsection.7.3.3}{\376\377\000C\000e\000n\000t\000r\000o\000i\000d}{section.7.3}% 150
\BOOKMARK [1][-]{section.7.4}{\376\377\000C\000l\000a\000s\000s\000i\000c\000\040\000l\000i\000v\000e\000\040\000e\000l\000e\000c\000t\000r\000o\000n\000i\000c\000s\000\040\000s\000o\000u\000n\000d\000\040\000p\000r\000o\000c\000e\000s\000s\000i\000n\000g}{chapter.7}% 151
\BOOKMARK [2][-]{subsection.7.4.1}{\376\377\000R\000i\000n\000g\000\040\000m\000o\000d\000u\000l\000a\000t\000i\000o\000n}{section.7.4}% 152
\BOOKMARK [2][-]{subsection.7.4.2}{\376\377\000L\000i\000v\000e\000\040\000r\000e\000c\000o\000r\000d\000i\000n\000g\000\040\000a\000n\000d\000\040\000p\000l\000a\000y\000b\000a\000c\000k}{section.7.4}% 153
\BOOKMARK [2][-]{subsection.7.4.3}{\376\377\000G\000r\000a\000n\000u\000l\000a\000r\000\040\000s\000y\000n\000t\000h\000e\000s\000i\000s}{section.7.4}% 154
\BOOKMARK [2][-]{subsection.7.4.4}{\376\377\000D\000e\000l\000a\000y\000\040\000l\000i\000n\000e\000s}{section.7.4}% 155
\BOOKMARK [1][-]{section.7.5}{\376\377\000C\000o\000m\000p\000o\000s\000i\000t\000i\000o\000n\000\040\000s\000k\000e\000t\000c\000h\000e\000s\000\040\000p\000r\000o\000p\000o\000s\000a\000l}{chapter.7}% 156
\BOOKMARK [0][-]{chapter.8}{\376\377\000L\000i\000v\000e\000\040\000c\000o\000d\000i\000n\000g}{}% 157
\BOOKMARK [1][-]{section.8.1}{\376\377\000H\000i\000s\000t\000o\000r\000i\000c\000a\000l\000\040\000f\000r\000a\000m\000e\000w\000o\000r\000k}{chapter.8}% 158
\BOOKMARK [1][-]{section.8.2}{\376\377\000C\000o\000m\000p\000o\000s\000i\000t\000i\000o\000n\000\040\000s\000k\000e\000t\000c\000h\000e\000s\000\040\000p\000r\000o\000p\000o\000s\000a\000l}{chapter.8}% 159
