This is pdfTeX, Version 3.141592653-2.6-1.40.26 (TeX Live 2024) (preloaded format=pdflatex 2024.7.27)  29 AUG 2025 14:31
entering extended mode
 restricted \write18 enabled.
 %&-line parsing enabled.
**tutto.tex
(./tutto.tex
LaTeX2e <2023-11-01> patch level 1
L3 programming layer <2024-02-20>
(/usr/local/texlive/2024/texmf-dist/tex/latex/base/book.cls
Document Class: book 2023/05/17 v1.4n Standard LaTeX document class
(/usr/local/texlive/2024/texmf-dist/tex/latex/base/bk11.clo
File: bk11.clo 2023/05/17 v1.4n Standard LaTeX file (size option)
)
\c@part=\count188
\c@chapter=\count189
\c@section=\count190
\c@subsection=\count191
\c@subsubsection=\count192
\c@paragraph=\count193
\c@subparagraph=\count194
\c@figure=\count195
\c@table=\count196
\abovecaptionskip=\skip48
\belowcaptionskip=\skip49
\bibindent=\dimen140
)
(/usr/local/texlive/2024/texmf-dist/tex/latex/parskip/parskip.sty
Package: parskip 2021-03-14 v2.0h non-zero parskip adjustments

(/usr/local/texlive/2024/texmf-dist/tex/latex/kvoptions/kvoptions.sty
Package: kvoptions 2022-06-15 v3.15 Key value format for package options (HO)

(/usr/local/texlive/2024/texmf-dist/tex/latex/graphics/keyval.sty
Package: keyval 2022/05/29 v1.15 key=value parser (DPC)
\KV@toks@=\toks17
)
(/usr/local/texlive/2024/texmf-dist/tex/generic/ltxcmds/ltxcmds.sty
Package: ltxcmds 2023-12-04 v1.26 LaTeX kernel commands for general use (HO)
)
(/usr/local/texlive/2024/texmf-dist/tex/latex/kvsetkeys/kvsetkeys.sty
Package: kvsetkeys 2022-10-05 v1.19 Key value parser (HO)
))
(/usr/local/texlive/2024/texmf-dist/tex/latex/etoolbox/etoolbox.sty
Package: etoolbox 2020/10/05 v2.5k e-TeX tools for LaTeX (JAW)
\etb@tempcnta=\count197
))
(/usr/local/texlive/2024/texmf-dist/tex/latex/geometry/geometry.sty
Package: geometry 2020/01/02 v5.9 Page Geometry

(/usr/local/texlive/2024/texmf-dist/tex/generic/iftex/ifvtex.sty
Package: ifvtex 2019/10/25 v1.7 ifvtex legacy package. Use iftex instead.

(/usr/local/texlive/2024/texmf-dist/tex/generic/iftex/iftex.sty
Package: iftex 2022/02/03 v1.0f TeX engine tests
))
\Gm@cnth=\count198
\Gm@cntv=\count199
\c@Gm@tempcnt=\count266
\Gm@bindingoffset=\dimen141
\Gm@wd@mp=\dimen142
\Gm@odd@mp=\dimen143
\Gm@even@mp=\dimen144
\Gm@layoutwidth=\dimen145
\Gm@layoutheight=\dimen146
\Gm@layouthoffset=\dimen147
\Gm@layoutvoffset=\dimen148
\Gm@dimlist=\toks18
)
(/usr/local/texlive/2024/texmf-dist/tex/latex/amsmath/amsmath.sty
Package: amsmath 2023/05/13 v2.17o AMS math features
\@mathmargin=\skip50

For additional information on amsmath, use the `?' option.
(/usr/local/texlive/2024/texmf-dist/tex/latex/amsmath/amstext.sty
Package: amstext 2021/08/26 v2.01 AMS text

(/usr/local/texlive/2024/texmf-dist/tex/latex/amsmath/amsgen.sty
File: amsgen.sty 1999/11/30 v2.0 generic functions
\@emptytoks=\toks19
\ex@=\dimen149
))
(/usr/local/texlive/2024/texmf-dist/tex/latex/amsmath/amsbsy.sty
Package: amsbsy 1999/11/29 v1.2d Bold Symbols
\pmbraise@=\dimen150
)
(/usr/local/texlive/2024/texmf-dist/tex/latex/amsmath/amsopn.sty
Package: amsopn 2022/04/08 v2.04 operator names
)
\inf@bad=\count267
LaTeX Info: Redefining \frac on input line 234.
\uproot@=\count268
\leftroot@=\count269
LaTeX Info: Redefining \overline on input line 399.
LaTeX Info: Redefining \colon on input line 410.
\classnum@=\count270
\DOTSCASE@=\count271
LaTeX Info: Redefining \ldots on input line 496.
LaTeX Info: Redefining \dots on input line 499.
LaTeX Info: Redefining \cdots on input line 620.
\Mathstrutbox@=\box51
\strutbox@=\box52
LaTeX Info: Redefining \big on input line 722.
LaTeX Info: Redefining \Big on input line 723.
LaTeX Info: Redefining \bigg on input line 724.
LaTeX Info: Redefining \Bigg on input line 725.
\big@size=\dimen151
LaTeX Font Info:    Redeclaring font encoding OML on input line 743.
LaTeX Font Info:    Redeclaring font encoding OMS on input line 744.
\macc@depth=\count272
LaTeX Info: Redefining \bmod on input line 905.
LaTeX Info: Redefining \pmod on input line 910.
LaTeX Info: Redefining \smash on input line 940.
LaTeX Info: Redefining \relbar on input line 970.
LaTeX Info: Redefining \Relbar on input line 971.
\c@MaxMatrixCols=\count273
\dotsspace@=\muskip16
\c@parentequation=\count274
\dspbrk@lvl=\count275
\tag@help=\toks20
\row@=\count276
\column@=\count277
\maxfields@=\count278
\andhelp@=\toks21
\eqnshift@=\dimen152
\alignsep@=\dimen153
\tagshift@=\dimen154
\tagwidth@=\dimen155
\totwidth@=\dimen156
\lineht@=\dimen157
\@envbody=\toks22
\multlinegap=\skip51
\multlinetaggap=\skip52
\mathdisplay@stack=\toks23
LaTeX Info: Redefining \[ on input line 2953.
LaTeX Info: Redefining \] on input line 2954.
)
(/usr/local/texlive/2024/texmf-dist/tex/latex/amsfonts/amssymb.sty
Package: amssymb 2013/01/14 v3.01 AMS font symbols

(/usr/local/texlive/2024/texmf-dist/tex/latex/amsfonts/amsfonts.sty
Package: amsfonts 2013/01/14 v3.01 Basic AMSFonts support
\symAMSa=\mathgroup4
\symAMSb=\mathgroup5
LaTeX Font Info:    Redeclaring math symbol \hbar on input line 98.
LaTeX Font Info:    Overwriting math alphabet `\mathfrak' in version `bold'
(Font)                  U/euf/m/n --> U/euf/b/n on input line 106.
))
(/usr/local/texlive/2024/texmf-dist/tex/latex/titling/titling.sty
Package: titling 2009/09/04 v2.1d maketitle typesetting
\thanksmarkwidth=\skip53
\thanksmargin=\skip54
\droptitle=\skip55
)
(/usr/local/texlive/2024/texmf-dist/tex/latex/graphics/graphicx.sty
Package: graphicx 2021/09/16 v1.2d Enhanced LaTeX Graphics (DPC,SPQR)

(/usr/local/texlive/2024/texmf-dist/tex/latex/graphics/graphics.sty
Package: graphics 2022/03/10 v1.4e Standard LaTeX Graphics (DPC,SPQR)

(/usr/local/texlive/2024/texmf-dist/tex/latex/graphics/trig.sty
Package: trig 2021/08/11 v1.11 sin cos tan (DPC)
)
(/usr/local/texlive/2024/texmf-dist/tex/latex/graphics-cfg/graphics.cfg
File: graphics.cfg 2016/06/04 v1.11 sample graphics configuration
)
Package graphics Info: Driver file: pdftex.def on input line 107.

(/usr/local/texlive/2024/texmf-dist/tex/latex/graphics-def/pdftex.def
File: pdftex.def 2022/09/22 v1.2b Graphics/color driver for pdftex
))
\Gin@req@height=\dimen158
\Gin@req@width=\dimen159
)
(/usr/local/texlive/2024/texmf-dist/tex/latex/adjustbox/adjustbox.sty
Package: adjustbox 2022/10/17 v1.3a Adjusting TeX boxes (trim, clip, ...)

(/usr/local/texlive/2024/texmf-dist/tex/latex/xkeyval/xkeyval.sty
Package: xkeyval 2022/06/16 v2.9 package option processing (HA)

(/usr/local/texlive/2024/texmf-dist/tex/generic/xkeyval/xkeyval.tex
(/usr/local/texlive/2024/texmf-dist/tex/generic/xkeyval/xkvutils.tex
\XKV@toks=\toks24
\XKV@tempa@toks=\toks25
)
\XKV@depth=\count279
File: xkeyval.tex 2014/12/03 v2.7a key=value parser (HA)
))
(/usr/local/texlive/2024/texmf-dist/tex/latex/adjustbox/adjcalc.sty
Package: adjcalc 2012/05/16 v1.1 Provides advanced setlength with multiple back
-ends (calc, etex, pgfmath)
)
(/usr/local/texlive/2024/texmf-dist/tex/latex/adjustbox/trimclip.sty
Package: trimclip 2020/08/19 v1.2 Trim and clip general TeX material

(/usr/local/texlive/2024/texmf-dist/tex/latex/collectbox/collectbox.sty
Package: collectbox 2022/10/17 v0.4c Collect macro arguments as boxes
\collectedbox=\box53
)
\tc@llx=\dimen160
\tc@lly=\dimen161
\tc@urx=\dimen162
\tc@ury=\dimen163
Package trimclip Info: Using driver 'tc-pdftex.def'.

(/usr/local/texlive/2024/texmf-dist/tex/latex/adjustbox/tc-pdftex.def
File: tc-pdftex.def 2019/01/04 v2.2 Clipping driver for pdftex
))
\adjbox@Width=\dimen164
\adjbox@Height=\dimen165
\adjbox@Depth=\dimen166
\adjbox@Totalheight=\dimen167
\adjbox@pwidth=\dimen168
\adjbox@pheight=\dimen169
\adjbox@pdepth=\dimen170
\adjbox@ptotalheight=\dimen171

(/usr/local/texlive/2024/texmf-dist/tex/latex/ifoddpage/ifoddpage.sty
Package: ifoddpage 2022/10/18 v1.2 Conditionals for odd/even page detection
\c@checkoddpage=\count280
)
(/usr/local/texlive/2024/texmf-dist/tex/latex/varwidth/varwidth.sty
Package: varwidth 2009/03/30 ver 0.92;  Variable-width minipages
\@vwid@box=\box54
\sift@deathcycles=\count281
\@vwid@loff=\dimen172
\@vwid@roff=\dimen173
))
(/usr/local/texlive/2024/texmf-dist/tex/latex/float/float.sty
Package: float 2001/11/08 v1.3d Float enhancements (AL)
\c@float@type=\count282
\float@exts=\toks26
\float@box=\box55
\@float@everytoks=\toks27
\@floatcapt=\box56
)
(/usr/local/texlive/2024/texmf-dist/tex/latex/xcolor/xcolor.sty
Package: xcolor 2023/11/15 v3.01 LaTeX color extensions (UK)

(/usr/local/texlive/2024/texmf-dist/tex/latex/graphics-cfg/color.cfg
File: color.cfg 2016/01/02 v1.6 sample color configuration
)
Package xcolor Info: Driver file: pdftex.def on input line 274.

(/usr/local/texlive/2024/texmf-dist/tex/latex/graphics/mathcolor.ltx)
Package xcolor Info: Model `cmy' substituted by `cmy0' on input line 1350.
Package xcolor Info: Model `hsb' substituted by `rgb' on input line 1354.
Package xcolor Info: Model `RGB' extended on input line 1366.
Package xcolor Info: Model `HTML' substituted by `rgb' on input line 1368.
Package xcolor Info: Model `Hsb' substituted by `hsb' on input line 1369.
Package xcolor Info: Model `tHsb' substituted by `hsb' on input line 1370.
Package xcolor Info: Model `HSB' substituted by `hsb' on input line 1371.
Package xcolor Info: Model `Gray' substituted by `gray' on input line 1372.
Package xcolor Info: Model `wave' substituted by `hsb' on input line 1373.
)
(/usr/local/texlive/2024/texmf-dist/tex/latex/hyperref/hyperref.sty
Package: hyperref 2024-01-20 v7.01h Hypertext links for LaTeX

(/usr/local/texlive/2024/texmf-dist/tex/generic/kvdefinekeys/kvdefinekeys.sty
Package: kvdefinekeys 2019-12-19 v1.6 Define keys (HO)
)
(/usr/local/texlive/2024/texmf-dist/tex/generic/pdfescape/pdfescape.sty
Package: pdfescape 2019/12/09 v1.15 Implements pdfTeX's escape features (HO)

(/usr/local/texlive/2024/texmf-dist/tex/generic/pdftexcmds/pdftexcmds.sty
Package: pdftexcmds 2020-06-27 v0.33 Utility functions of pdfTeX for LuaTeX (HO
)

(/usr/local/texlive/2024/texmf-dist/tex/generic/infwarerr/infwarerr.sty
Package: infwarerr 2019/12/03 v1.5 Providing info/warning/error messages (HO)
)
Package pdftexcmds Info: \pdf@primitive is available.
Package pdftexcmds Info: \pdf@ifprimitive is available.
Package pdftexcmds Info: \pdfdraftmode found.
))
(/usr/local/texlive/2024/texmf-dist/tex/latex/hycolor/hycolor.sty
Package: hycolor 2020-01-27 v1.10 Color options for hyperref/bookmark (HO)
)
(/usr/local/texlive/2024/texmf-dist/tex/latex/auxhook/auxhook.sty
Package: auxhook 2019-12-17 v1.6 Hooks for auxiliary files (HO)
)
(/usr/local/texlive/2024/texmf-dist/tex/latex/hyperref/nameref.sty
Package: nameref 2023-11-26 v2.56 Cross-referencing by name of section

(/usr/local/texlive/2024/texmf-dist/tex/latex/refcount/refcount.sty
Package: refcount 2019/12/15 v3.6 Data extraction from label references (HO)
)
(/usr/local/texlive/2024/texmf-dist/tex/generic/gettitlestring/gettitlestring.s
ty
Package: gettitlestring 2019/12/15 v1.6 Cleanup title references (HO)
)
\c@section@level=\count283
)
\@linkdim=\dimen174
\Hy@linkcounter=\count284
\Hy@pagecounter=\count285
 (/usr/local/texlive/2024/texmf-dist/tex/latex/hyperref/pd1enc.def
File: pd1enc.def 2024-01-20 v7.01h Hyperref: PDFDocEncoding definition (HO)
Now handling font encoding PD1 ...
... no UTF-8 mapping file for font encoding PD1
)
(/usr/local/texlive/2024/texmf-dist/tex/generic/intcalc/intcalc.sty
Package: intcalc 2019/12/15 v1.3 Expandable calculations with integers (HO)
)
\Hy@SavedSpaceFactor=\count286

(/usr/local/texlive/2024/texmf-dist/tex/latex/hyperref/puenc.def
File: puenc.def 2024-01-20 v7.01h Hyperref: PDF Unicode definition (HO)
Now handling font encoding PU ...
... no UTF-8 mapping file for font encoding PU
)
Package hyperref Info: Hyper figures OFF on input line 4179.
Package hyperref Info: Link nesting OFF on input line 4184.
Package hyperref Info: Hyper index ON on input line 4187.
Package hyperref Info: Plain pages OFF on input line 4194.
Package hyperref Info: Backreferencing OFF on input line 4199.
Package hyperref Info: Implicit mode ON; LaTeX internals redefined.
Package hyperref Info: Bookmarks ON on input line 4446.
\c@Hy@tempcnt=\count287

(/usr/local/texlive/2024/texmf-dist/tex/latex/url/url.sty
\Urlmuskip=\muskip17
Package: url 2013/09/16  ver 3.4  Verb mode for urls, etc.
)
LaTeX Info: Redefining \url on input line 4784.
\XeTeXLinkMargin=\dimen175

(/usr/local/texlive/2024/texmf-dist/tex/generic/bitset/bitset.sty
Package: bitset 2019/12/09 v1.3 Handle bit-vector datatype (HO)

(/usr/local/texlive/2024/texmf-dist/tex/generic/bigintcalc/bigintcalc.sty
Package: bigintcalc 2019/12/15 v1.5 Expandable calculations on big integers (HO
)
))
\Fld@menulength=\count288
\Field@Width=\dimen176
\Fld@charsize=\dimen177
Package hyperref Info: Hyper figures OFF on input line 6063.
Package hyperref Info: Link nesting OFF on input line 6068.
Package hyperref Info: Hyper index ON on input line 6071.
Package hyperref Info: backreferencing OFF on input line 6078.
Package hyperref Info: Link coloring OFF on input line 6083.
Package hyperref Info: Link coloring with OCG OFF on input line 6088.
Package hyperref Info: PDF/A mode OFF on input line 6093.

(/usr/local/texlive/2024/texmf-dist/tex/latex/base/atbegshi-ltx.sty
Package: atbegshi-ltx 2021/01/10 v1.0c Emulation of the original atbegshi
package with kernel methods
)
\Hy@abspage=\count289
\c@Item=\count290
\c@Hfootnote=\count291
)
Package hyperref Info: Driver (autodetected): hpdftex.

(/usr/local/texlive/2024/texmf-dist/tex/latex/hyperref/hpdftex.def
File: hpdftex.def 2024-01-20 v7.01h Hyperref driver for pdfTeX

(/usr/local/texlive/2024/texmf-dist/tex/latex/base/atveryend-ltx.sty
Package: atveryend-ltx 2020/08/19 v1.0a Emulation of the original atveryend pac
kage
with kernel methods
)
\Fld@listcount=\count292
\c@bookmark@seq@number=\count293

(/usr/local/texlive/2024/texmf-dist/tex/latex/rerunfilecheck/rerunfilecheck.sty
Package: rerunfilecheck 2022-07-10 v1.10 Rerun checks for auxiliary files (HO)

(/usr/local/texlive/2024/texmf-dist/tex/generic/uniquecounter/uniquecounter.sty
Package: uniquecounter 2019/12/15 v1.4 Provide unlimited unique counter (HO)
)
Package uniquecounter Info: New unique counter `rerunfilecheck' on input line 2
85.
)
\Hy@SectionHShift=\skip56
)
Package hyperref Info: Option `breaklinks' set `true' on input line 31.
Package hyperref Info: Option `colorlinks' set `true' on input line 31.
 (/usr/local/texlive/2024/texmf-dist/tex/latex/listings/listings.sty
\lst@mode=\count294
\lst@gtempboxa=\box57
\lst@token=\toks28
\lst@length=\count295
\lst@currlwidth=\dimen178
\lst@column=\count296
\lst@pos=\count297
\lst@lostspace=\dimen179
\lst@width=\dimen180
\lst@newlines=\count298
\lst@lineno=\count299
\lst@maxwidth=\dimen181

(/usr/local/texlive/2024/texmf-dist/tex/latex/listings/lstpatch.sty
File: lstpatch.sty 2024/02/21 1.10 (Carsten Heinz)
)
(/usr/local/texlive/2024/texmf-dist/tex/latex/listings/lstmisc.sty
File: lstmisc.sty 2024/02/21 1.10 (Carsten Heinz)
\c@lstnumber=\count300
\lst@skipnumbers=\count301
\lst@framebox=\box58
)
(/usr/local/texlive/2024/texmf-dist/tex/latex/listings/listings.cfg
File: listings.cfg 2024/02/21 1.10 listings configuration
))
Package: listings 2024/02/21 1.10 (Carsten Heinz)

(/usr/local/texlive/2024/texmf-dist/tex/latex/listings/lstlang1.sty
File: lstlang1.sty 2024/02/21 1.10 listings language file
)
(/usr/local/texlive/2024/texmf-dist/tex/latex/l3backend/l3backend-pdftex.def
File: l3backend-pdftex.def 2024-02-20 L3 backend support: PDF output (pdfTeX)
\l__color_backend_stack_int=\count302
\l__pdf_internal_box=\box59
)
(./tutto.aux

LaTeX Warning: Label `framework-and-historical-context' multiply defined.


LaTeX Warning: Label `composition-sketches-proposal' multiply defined.


LaTeX Warning: Label `framework-and-historical-context' multiply defined.


LaTeX Warning: Label `software-installation' multiply defined.


LaTeX Warning: Label `composition-sketches-proposal' multiply defined.


LaTeX Warning: Label `framework-and-historical-context' multiply defined.


LaTeX Warning: Label `composition-sketches-proposal' multiply defined.


LaTeX Warning: Label `framework-and-historical-context' multiply defined.


LaTeX Warning: Label `composition-sketches-proposal' multiply defined.


LaTeX Warning: Label `historical-framework' multiply defined.


LaTeX Warning: Label `composition-sketches-proposal' multiply defined.

)
\openout1 = `tutto.aux'.

LaTeX Font Info:    Checking defaults for OML/cmm/m/it on input line 70.
LaTeX Font Info:    ... okay on input line 70.
LaTeX Font Info:    Checking defaults for OMS/cmsy/m/n on input line 70.
LaTeX Font Info:    ... okay on input line 70.
LaTeX Font Info:    Checking defaults for OT1/cmr/m/n on input line 70.
LaTeX Font Info:    ... okay on input line 70.
LaTeX Font Info:    Checking defaults for T1/cmr/m/n on input line 70.
LaTeX Font Info:    ... okay on input line 70.
LaTeX Font Info:    Checking defaults for TS1/cmr/m/n on input line 70.
LaTeX Font Info:    ... okay on input line 70.
LaTeX Font Info:    Checking defaults for OMX/cmex/m/n on input line 70.
LaTeX Font Info:    ... okay on input line 70.
LaTeX Font Info:    Checking defaults for U/cmr/m/n on input line 70.
LaTeX Font Info:    ... okay on input line 70.
LaTeX Font Info:    Checking defaults for PD1/pdf/m/n on input line 70.
LaTeX Font Info:    ... okay on input line 70.
LaTeX Font Info:    Checking defaults for PU/pdf/m/n on input line 70.
LaTeX Font Info:    ... okay on input line 70.

*geometry* driver: auto-detecting
*geometry* detected driver: pdftex

Package geometry Warning: The marginal notes overrun the paper.
     Add 40.73001pt and more to the right margin.

*geometry* verbose mode - [ preamble ] result:
* driver: pdftex
* paper: a4paper
* layout: <same size as paper>
* layoutoffset:(h,v)=(0.0pt,0.0pt)
* modes: twoside 
* h-part:(L,W,R)=(72.26999pt, 452.9679pt, 72.26999pt)
* v-part:(T,H,B)=(72.26999pt, 700.50687pt, 72.26999pt)
* \paperwidth=597.50787pt
* \paperheight=845.04684pt
* \textwidth=452.9679pt
* \textheight=700.50687pt
* \oddsidemargin=0.0pt
* \evensidemargin=0.0pt
* \topmargin=-31.8738pt
* \headheight=12.0pt
* \headsep=19.8738pt
* \topskip=11.0pt
* \footskip=27.46295pt
* \marginparwidth=106.0pt
* \marginparsep=7.0pt
* \columnsep=10.0pt
* \skip\footins=10.0pt plus 4.0pt minus 2.0pt
* \hoffset=0.0pt
* \voffset=0.0pt
* \mag=1000
* \@twocolumnfalse
* \@twosidetrue
* \@mparswitchtrue
* \@reversemarginfalse
* (1in=72.27pt=25.4mm, 1cm=28.453pt)

(/usr/local/texlive/2024/texmf-dist/tex/context/base/mkii/supp-pdf.mkii
[Loading MPS to PDF converter (version 2006.09.02).]
\scratchcounter=\count303
\scratchdimen=\dimen182
\scratchbox=\box60
\nofMPsegments=\count304
\nofMParguments=\count305
\everyMPshowfont=\toks29
\MPscratchCnt=\count306
\MPscratchDim=\dimen183
\MPnumerator=\count307
\makeMPintoPDFobject=\count308
\everyMPtoPDFconversion=\toks30
) (/usr/local/texlive/2024/texmf-dist/tex/latex/epstopdf-pkg/epstopdf-base.sty
Package: epstopdf-base 2020-01-24 v2.11 Base part for package epstopdf
Package epstopdf-base Info: Redefining graphics rule for `.eps' on input line 4
85.

(/usr/local/texlive/2024/texmf-dist/tex/latex/latexconfig/epstopdf-sys.cfg
File: epstopdf-sys.cfg 2010/07/13 v1.3 Configuration of (r)epstopdf for TeX Liv
e
))
Package hyperref Info: Link coloring ON on input line 70.

(./tutto.out) (./tutto.out)
\@outlinefile=\write3
\openout3 = `tutto.out'.

\c@lstlisting=\count309
LaTeX Font Info:    Trying to load font information for U+msa on input line 75.


(/usr/local/texlive/2024/texmf-dist/tex/latex/amsfonts/umsa.fd
File: umsa.fd 2013/01/14 v3.01 AMS symbols A
)
LaTeX Font Info:    Trying to load font information for U+msb on input line 75.


(/usr/local/texlive/2024/texmf-dist/tex/latex/amsfonts/umsb.fd
File: umsb.fd 2013/01/14 v3.01 AMS symbols B
) [1


{/usr/local/texlive/2024/texmf-var/fonts/map/pdftex/updmap/pdftex.map}] [2

] [3{/usr/local/texlive/2024/texmf-dist/fonts/enc/dvips/cm-super/cm-super-ts1.e
nc}] [4

]
(./tutto.toc [5] [6] [7])
\tf@toc=\write4
\openout4 = `tutto.toc'.

 (../1_premises/latex/1_premises.tex [8]
Chapter 1.
<../1_premises/img/../img/tavolo.png, id=848, 189.70876pt x 156.585pt>
File: ../1_premises/img/../img/tavolo.png Graphic file (type png)
<use ../1_premises/img/../img/tavolo.png>
Package pdftex.def Info: ../1_premises/img/../img/tavolo.png  used on input lin
e 18.
(pdftex.def)             Requested size: 189.70828pt x 156.58461pt.
<../1_premises/img/../img/pelle.png, id=849, 157.58875pt x 125.46875pt>
File: ../1_premises/img/../img/pelle.png Graphic file (type png)
<use ../1_premises/img/../img/pelle.png>
Package pdftex.def Info: ../1_premises/img/../img/pelle.png  used on input line
 24.
(pdftex.def)             Requested size: 157.58835pt x 125.46843pt.
<../1_premises/img/../img/percezione.png, id=850, 151.56625pt x 136.51pt>
File: ../1_premises/img/../img/percezione.png Graphic file (type png)
<use ../1_premises/img/../img/percezione.png>
Package pdftex.def Info: ../1_premises/img/../img/percezione.png  used on input
 line 34.
(pdftex.def)             Requested size: 151.56587pt x 136.50966pt.
[9

 <../1_premises/img/../img/tavolo.png> <../1_premises/img/../img/pelle.png> <..
/1_premises/img/../img/percezione.png>]
<../1_premises/img/../img/musicervice.png, id=857, 121.45375pt x 92.345pt>
File: ../1_premises/img/../img/musicervice.png Graphic file (type png)
<use ../1_premises/img/../img/musicervice.png>
Package pdftex.def Info: ../1_premises/img/../img/musicervice.png  used on inpu
t line 62.
(pdftex.def)             Requested size: 121.45343pt x 92.34476pt.
<../1_premises/img/../img/pensiero.png, id=858, 154.5775pt x 200.75pt>
File: ../1_premises/img/../img/pensiero.png Graphic file (type png)
<use ../1_premises/img/../img/pensiero.png>
Package pdftex.def Info: ../1_premises/img/../img/pensiero.png  used on input l
ine 76.
(pdftex.def)             Requested size: 154.5771pt x 200.7495pt.
 [10 <../1_premises/img/../img/musicervice.png> <../1_premises/img/../img/pensi
ero.png>]
<../1_premises/img/../img/linguaggio.png, id=865, 138.5175pt x 143.53625pt>
File: ../1_premises/img/../img/linguaggio.png Graphic file (type png)
<use ../1_premises/img/../img/linguaggio.png>
Package pdftex.def Info: ../1_premises/img/../img/linguaggio.png  used on input
 line 120.
(pdftex.def)             Requested size: 138.51715pt x 143.53589pt.
<../1_premises/img/../img/prelinguistico.png, id=866, 161.60374pt x 191.71625pt
>
File: ../1_premises/img/../img/prelinguistico.png Graphic file (type png)
<use ../1_premises/img/../img/prelinguistico.png>
Package pdftex.def Info: ../1_premises/img/../img/prelinguistico.png  used on i
nput line 128.
(pdftex.def)             Requested size: 161.60335pt x 191.71577pt.
 [11 <../1_premises/img/../img/linguaggio.png> <../1_premises/img/../img/prelin
guistico.png>]
<../1_premises/img/../img/telefono.png, id=875, 160.6pt x 129.48375pt>
File: ../1_premises/img/../img/telefono.png Graphic file (type png)
<use ../1_premises/img/../img/telefono.png>
Package pdftex.def Info: ../1_premises/img/../img/telefono.png  used on input l
ine 162.
(pdftex.def)             Requested size: 160.5996pt x 129.48341pt.
 [12 <../1_premises/img/../img/telefono.png>]
<../1_premises/img/../img/fonemi_2.png, id=881, 561.09625pt x 243.91125pt>
File: ../1_premises/img/../img/fonemi_2.png Graphic file (type png)
<use ../1_premises/img/../img/fonemi_2.png>
Package pdftex.def Info: ../1_premises/img/../img/fonemi_2.png  used on input l
ine 217.
(pdftex.def)             Requested size: 561.09488pt x 243.91064pt.
<../1_premises/img/../img/nota.png, id=882, 260.975pt x 201.75375pt>
File: ../1_premises/img/../img/nota.png Graphic file (type png)
<use ../1_premises/img/../img/nota.png>
Package pdftex.def Info: ../1_premises/img/../img/nota.png  used on input line 
223.
(pdftex.def)             Requested size: 260.97437pt x 201.75325pt.
<../1_premises/img/../img/inci.png, id=883, 189.70876pt x 63.23625pt>
File: ../1_premises/img/../img/inci.png Graphic file (type png)
<use ../1_premises/img/../img/inci.png>
Package pdftex.def Info: ../1_premises/img/../img/inci.png  used on input line 
246.
(pdftex.def)             Requested size: 189.70828pt x 63.23608pt.
 [13 <../1_premises/img/../img/fonemi_2.png> <../1_premises/img/../img/nota.png
> <../1_premises/img/../img/inci.png>]
Overfull \hbox (1.39676pt too wide) in paragraph at lines 267--268
[]\OT1/cmr/m/n/10.95 We have pre-vi-ously de-fined that mu-sic is not nec-es-sa
r-ily con-veyed through sound waves but...are
 []

<../1_premises/img/../img/ondenote.png, id=891, 1092.4181pt x 302.01253pt>
File: ../1_premises/img/../img/ondenote.png Graphic file (type png)
<use ../1_premises/img/../img/ondenote.png>
Package pdftex.def Info: ../1_premises/img/../img/ondenote.png  used on input l
ine 274.
(pdftex.def)             Requested size: 1092.41545pt x 302.01178pt.
<../1_premises/img/../img/india.png, id=892, 350.30875pt x 200.24812pt>
File: ../1_premises/img/../img/india.png Graphic file (type png)
<use ../1_premises/img/../img/india.png>
Package pdftex.def Info: ../1_premises/img/../img/india.png  used on input line
 282.
(pdftex.def)             Requested size: 350.30789pt x 200.24763pt.
<../1_premises/img/../img/rtmoindia.png, id=893, 1114.1625pt x 180.675pt>
File: ../1_premises/img/../img/rtmoindia.png Graphic file (type png)
<use ../1_premises/img/../img/rtmoindia.png>
Package pdftex.def Info: ../1_premises/img/../img/rtmoindia.png  used on input 
line 283.
(pdftex.def)             Requested size: 1114.15979pt x 180.67455pt.
<../1_premises/img/../img/intervalli.png, id=894, 1017.8025pt x 360.34625pt>
File: ../1_premises/img/../img/intervalli.png Graphic file (type png)
<use ../1_premises/img/../img/intervalli.png>
Package pdftex.def Info: ../1_premises/img/../img/intervalli.png  used on input
 line 289.
(pdftex.def)             Requested size: 1017.80003pt x 360.34537pt.
<../1_premises/img/../img/greg.png, id=895, 574.145pt x 519.9425pt>
File: ../1_premises/img/../img/greg.png Graphic file (type png)
<use ../1_premises/img/../img/greg.png>
Package pdftex.def Info: ../1_premises/img/../img/greg.png  used on input line 
295.
(pdftex.def)             Requested size: 574.1436pt x 519.94124pt.
[14 <../1_premises/img/../img/ondenote.png> <../1_premises/img/../img/india.png
> <../1_premises/img/../img/rtmoindia.png> <../1_premises/img/../img/intervalli
.png>]
<../1_premises/img/../img/analisische.png, id=901, 1066.7353pt x 425.33907pt>
File: ../1_premises/img/../img/analisische.png Graphic file (type png)
<use ../1_premises/img/../img/analisische.png>
Package pdftex.def Info: ../1_premises/img/../img/analisische.png  used on inpu
t line 309.
(pdftex.def)             Requested size: 1066.7327pt x 425.33801pt.
 [15 <../1_premises/img/../img/greg.png> <../1_premises/img/../img/analisische.
png>]

LaTeX Warning: Hyper reference `meaning' on page 16 undefined on input line 334
.

[16]
<../1_premises/img/../img/prenatale.png, id=921, 199.74625pt x 205.76875pt>
File: ../1_premises/img/../img/prenatale.png Graphic file (type png)
<use ../1_premises/img/../img/prenatale.png>
Package pdftex.def Info: ../1_premises/img/../img/prenatale.png  used on input 
line 370.
(pdftex.def)             Requested size: 199.74576pt x 205.76823pt.
<../1_premises/img/../img/metro.png, id=922, 218.8175pt x 128.48pt>
File: ../1_premises/img/../img/metro.png Graphic file (type png)
<use ../1_premises/img/../img/metro.png>
Package pdftex.def Info: ../1_premises/img/../img/metro.png  used on input line
 371.
(pdftex.def)             Requested size: 218.81696pt x 128.47968pt.
<../1_premises/img/../img/puzzle.png, id=924, 215.80624pt x 214.8025pt>
File: ../1_premises/img/../img/puzzle.png Graphic file (type png)
<use ../1_premises/img/../img/puzzle.png>
Package pdftex.def Info: ../1_premises/img/../img/puzzle.png  used on input lin
e 388.
(pdftex.def)             Requested size: 215.80571pt x 214.80197pt.
 [17 <../1_premises/img/../img/prenatale.png> <../1_premises/img/../img/metro.p
ng> <../1_premises/img/../img/puzzle.png>]
<../1_premises/img/../img/montagne.png, id=933, 198.7425pt x 184.69pt>
File: ../1_premises/img/../img/montagne.png Graphic file (type png)
<use ../1_premises/img/../img/montagne.png>
Package pdftex.def Info: ../1_premises/img/../img/montagne.png  used on input l
ine 439.
(pdftex.def)             Requested size: 198.742pt x 184.68953pt.
<../1_premises/img/../img/nuvole.png, id=937, 167.62625pt x 129.48375pt>
File: ../1_premises/img/../img/nuvole.png Graphic file (type png)
<use ../1_premises/img/../img/nuvole.png>
Package pdftex.def Info: ../1_premises/img/../img/nuvole.png  used on input lin
e 483.
(pdftex.def)             Requested size: 167.62582pt x 129.48341pt.
 [18 <../1_premises/img/../img/montagne.png>]
<../1_premises/img/../img/cartello.png, id=946, 175.65625pt x 204.765pt>
File: ../1_premises/img/../img/cartello.png Graphic file (type png)
<use ../1_premises/img/../img/cartello.png>
Package pdftex.def Info: ../1_premises/img/../img/cartello.png  used on input l
ine 531.
(pdftex.def)             Requested size: 175.6558pt x 204.76448pt.
 [19 <../1_premises/img/../img/nuvole.png> <../1_premises/img/../img/cartello.p
ng>]
<../1_premises/img/../img/parcheggio.png, id=957, 279.0425pt x 181.67876pt>
File: ../1_premises/img/../img/parcheggio.png Graphic file (type png)
<use ../1_premises/img/../img/parcheggio.png>
Package pdftex.def Info: ../1_premises/img/../img/parcheggio.png  used on input
 line 567.
(pdftex.def)             Requested size: 279.04181pt x 181.6783pt.
 [20 <../1_premises/img/../img/parcheggio.png>]
<../1_premises/img/../img/valore.png, id=966, 208.78pt x 149.55875pt>
File: ../1_premises/img/../img/valore.png Graphic file (type png)
<use ../1_premises/img/../img/valore.png>
Package pdftex.def Info: ../1_premises/img/../img/valore.png  used on input lin
e 632.
(pdftex.def)             Requested size: 208.77946pt x 149.55838pt.
 [21 <../1_premises/img/../img/valore.png>]
<../1_premises/img/../img/neuro.png, id=973, 114.4275pt x 116.435pt>
File: ../1_premises/img/../img/neuro.png Graphic file (type png)
<use ../1_premises/img/../img/neuro.png>
Package pdftex.def Info: ../1_premises/img/../img/neuro.png  used on input line
 673.
(pdftex.def)             Requested size: 114.42722pt x 116.43471pt.
 [22 <../1_premises/img/../img/neuro.png>]
Overfull \hbox (13.59393pt too wide) in paragraph at lines 711--712
[]\OT1/cmr/m/n/10.95 the vari-able re-sult of con-stant re-la-tion-ships be-twe
en smaller el-e-ments (mor-phemes, phonemes,
 []

<../1_premises/img/../img/beethoven.png, id=980, 150.5625pt x 177.66376pt>
File: ../1_premises/img/../img/beethoven.png Graphic file (type png)
<use ../1_premises/img/../img/beethoven.png>
Package pdftex.def Info: ../1_premises/img/../img/beethoven.png  used on input 
line 759.
(pdftex.def)             Requested size: 150.56212pt x 177.66331pt.
<../1_premises/img/../img/pubblico.png, id=981, 225.84375pt x 225.84375pt>
File: ../1_premises/img/../img/pubblico.png Graphic file (type png)
<use ../1_premises/img/../img/pubblico.png>
Package pdftex.def Info: ../1_premises/img/../img/pubblico.png  used on input l
ine 760.
(pdftex.def)             Requested size: 225.84319pt x 225.84319pt.
<../1_premises/img/../img/score.png, id=982, 251.94125pt x 201.75375pt>
File: ../1_premises/img/../img/score.png Graphic file (type png)
<use ../1_premises/img/../img/score.png>
Package pdftex.def Info: ../1_premises/img/../img/score.png  used on input line
 761.
(pdftex.def)             Requested size: 251.94063pt x 201.75325pt.
[23 <../1_premises/img/../img/beethoven.png> <../1_premises/img/../img/pubblico
.png> <../1_premises/img/../img/score.png>]
<../1_premises/img/../img/rimandi.png, id=989, 181.67876pt x 134.5025pt>
File: ../1_premises/img/../img/rimandi.png Graphic file (type png)
<use ../1_premises/img/../img/rimandi.png>
Package pdftex.def Info: ../1_premises/img/../img/rimandi.png  used on input li
ne 771.
(pdftex.def)             Requested size: 181.6783pt x 134.50215pt.
<../1_premises/img/../img/barocca.png, id=991, 173.64874pt x 203.76125pt>
File: ../1_premises/img/../img/barocca.png Graphic file (type png)
<use ../1_premises/img/../img/barocca.png>
Package pdftex.def Info: ../1_premises/img/../img/barocca.png  used on input li
ne 808.
(pdftex.def)             Requested size: 173.64832pt x 203.76074pt.
<../1_premises/img/../img/moderna.png, id=992, 189.70876pt x 110.4125pt>
File: ../1_premises/img/../img/moderna.png Graphic file (type png)
<use ../1_premises/img/../img/moderna.png>
Package pdftex.def Info: ../1_premises/img/../img/moderna.png  used on input li
ne 809.
(pdftex.def)             Requested size: 189.70828pt x 110.41222pt.
 [24 <../1_premises/img/../img/rimandi.png> <../1_premises/img/../img/barocca.p
ng> <../1_premises/img/../img/moderna.png>]
<../1_premises/img/../img/indigeni.png, id=1002, 114.4275pt x 110.4125pt>
File: ../1_premises/img/../img/indigeni.png Graphic file (type png)
<use ../1_premises/img/../img/indigeni.png>
Package pdftex.def Info: ../1_premises/img/../img/indigeni.png  used on input l
ine 815.
(pdftex.def)             Requested size: 114.42722pt x 110.41222pt.
<../1_premises/img/../img/acousma.png, id=1003, 189.70876pt x 135.50626pt>
File: ../1_premises/img/../img/acousma.png Graphic file (type png)
<use ../1_premises/img/../img/acousma.png>
Package pdftex.def Info: ../1_premises/img/../img/acousma.png  used on input li
ne 821.
(pdftex.def)             Requested size: 189.70828pt x 135.5059pt.
<../1_premises/img/../img/sony.png, id=1004, 144.54pt x 128.48pt>
File: ../1_premises/img/../img/sony.png Graphic file (type png)
<use ../1_premises/img/../img/sony.png>
Package pdftex.def Info: ../1_premises/img/../img/sony.png  used on input line 
822.
(pdftex.def)             Requested size: 144.53963pt x 128.47968pt.
<../1_premises/img/../img/trattato.png, id=1005, 140.525pt x 144.54pt>
File: ../1_premises/img/../img/trattato.png Graphic file (type png)
<use ../1_premises/img/../img/trattato.png>
Package pdftex.def Info: ../1_premises/img/../img/trattato.png  used on input l
ine 838.
(pdftex.def)             Requested size: 140.52464pt x 144.53963pt.
<../1_premises/img/../img/frasemus.png, id=1006, 393.8715pt x 227.8914pt>
File: ../1_premises/img/../img/frasemus.png Graphic file (type png)
<use ../1_premises/img/../img/frasemus.png>
Package pdftex.def Info: ../1_premises/img/../img/frasemus.png  used on input l
ine 844.
(pdftex.def)             Requested size: 393.87053pt x 227.89084pt.

Underfull \vbox (badness 10000) has occurred while \output is active []

 [25 <../1_premises/img/../img/indigeni.png> <../1_premises/img/../img/acousma.
png> <../1_premises/img/../img/sony.png> <../1_premises/img/../img/trattato.png
>]
<../1_premises/img/../img/lineatempo.png, id=1017, 1938.24126pt x 1065.9825pt>
File: ../1_premises/img/../img/lineatempo.png Graphic file (type png)
<use ../1_premises/img/../img/lineatempo.png>
Package pdftex.def Info: ../1_premises/img/../img/lineatempo.png  used on input
 line 856.
(pdftex.def)             Requested size: 1938.23654pt x 1065.9799pt.
 [26 <../1_premises/img/../img/frasemus.png> <../1_premises/img/../img/lineatem
po.png>]) (../2_instruments/latex/2_instruments.tex [27] [28

]
Chapter 2.
<../2_instruments/img/../img/chains.png, id=1031, 985.6825pt x 422.57875pt>
File: ../2_instruments/img/../img/chains.png Graphic file (type png)
<use ../2_instruments/img/../img/chains.png>
Package pdftex.def Info: ../2_instruments/img/../img/chains.png  used on input 
line 63.
(pdftex.def)             Requested size: 985.68008pt x 422.57771pt.
[29]
<../2_instruments/img/../img/tape.png, id=1036, 165.61874pt x 141.52875pt>
File: ../2_instruments/img/../img/tape.png Graphic file (type png)
<use ../2_instruments/img/../img/tape.png>
Package pdftex.def Info: ../2_instruments/img/../img/tape.png  used on input li
ne 86.
(pdftex.def)             Requested size: 165.61833pt x 141.5284pt.
 [30 <../2_instruments/img/../img/chains.png> <../2_instruments/img/../img/tape
.png>] [31]
<../2_instruments/img/../img/ambi.png, id=1053, 151.06438pt x 80.80188pt>
File: ../2_instruments/img/../img/ambi.png Graphic file (type png)
<use ../2_instruments/img/../img/ambi.png>
Package pdftex.def Info: ../2_instruments/img/../img/ambi.png  used on input li
ne 177.
(pdftex.def)             Requested size: 151.064pt x 80.80167pt.
 [32 <../2_instruments/img/../img/ambi.png>]
<../2_instruments/img/../img/radio.png, id=1064, 158.5925pt x 132.495pt>
File: ../2_instruments/img/../img/radio.png Graphic file (type png)
<use ../2_instruments/img/../img/radio.png>
Package pdftex.def Info: ../2_instruments/img/../img/radio.png  used on input l
ine 290.
(pdftex.def)             Requested size: 158.59209pt x 132.49466pt.
 [33 <../2_instruments/img/../img/radio.png>]
<../2_instruments/img/../img/comp.png, id=1072, 169.63374pt x 133.49875pt>
File: ../2_instruments/img/../img/comp.png Graphic file (type png)
<use ../2_instruments/img/../img/comp.png>
Package pdftex.def Info: ../2_instruments/img/../img/comp.png  used on input li
ne 336.
(pdftex.def)             Requested size: 169.63332pt x 133.4984pt.
 [34 <../2_instruments/img/../img/comp.png>]
<../2_instruments/img/../img/danza.png, id=1080, 290.08376pt x 174.6525pt>
File: ../2_instruments/img/../img/danza.png Graphic file (type png)
<use ../2_instruments/img/../img/danza.png>
Package pdftex.def Info: ../2_instruments/img/../img/danza.png  used on input l
ine 406.
(pdftex.def)             Requested size: 290.08304pt x 174.65207pt.
 [35 <../2_instruments/img/../img/danza.png>]
<../2_instruments/img/../img/game.png, id=1086, 628.3475pt x 419.5675pt>
File: ../2_instruments/img/../img/game.png Graphic file (type png)
<use ../2_instruments/img/../img/game.png>
Package pdftex.def Info: ../2_instruments/img/../img/game.png  used on input li
ne 433.
(pdftex.def)             Requested size: 628.34596pt x 419.56647pt.
 [36 <../2_instruments/img/../img/game.png>]
<../2_instruments/img/../img/chain2.png, id=1093, 948.54375pt x 441.65pt>
File: ../2_instruments/img/../img/chain2.png Graphic file (type png)
<use ../2_instruments/img/../img/chain2.png>
Package pdftex.def Info: ../2_instruments/img/../img/chain2.png  used on input 
line 522.
(pdftex.def)             Requested size: 948.54143pt x 441.64891pt.
<../2_instruments/img/../img/lel.png, id=1094, 95.35625pt x 99.37125pt>
File: ../2_instruments/img/../img/lel.png Graphic file (type png)
<use ../2_instruments/img/../img/lel.png>
Package pdftex.def Info: ../2_instruments/img/../img/lel.png  used on input lin
e 528.
(pdftex.def)             Requested size: 95.356pt x 99.371pt.
[37 <../2_instruments/img/../img/chain2.png> <../2_instruments/img/../img/lel.p
ng>]
<../2_instruments/img/../img/lset.png, id=1103, 263.98625pt x 181.67876pt>
File: ../2_instruments/img/../img/lset.png Graphic file (type png)
<use ../2_instruments/img/../img/lset.png>
Package pdftex.def Info: ../2_instruments/img/../img/lset.png  used on input li
ne 560.
(pdftex.def)             Requested size: 263.9856pt x 181.6783pt.
<../2_instruments/img/../img/lcod.png, id=1105, 181.67876pt x 171.64125pt>
File: ../2_instruments/img/../img/lcod.png Graphic file (type png)
<use ../2_instruments/img/../img/lcod.png>
Package pdftex.def Info: ../2_instruments/img/../img/lcod.png  used on input li
ne 575.
(pdftex.def)             Requested size: 181.6783pt x 171.64081pt.
 [38 <../2_instruments/img/../img/lset.png> <../2_instruments/img/../img/lcod.p
ng>]
<../2_instruments/img/../img/modello.png, id=1116, 422.57875pt x 571.13374pt>
File: ../2_instruments/img/../img/modello.png Graphic file (type png)
<use ../2_instruments/img/../img/modello.png>
Package pdftex.def Info: ../2_instruments/img/../img/modello.png  used on input
 line 649.
(pdftex.def)             Requested size: 422.57771pt x 571.13235pt.
 [39 <../2_instruments/img/../img/modello.png>]
Package hyperref Info: bookmark level for unknown lstlisting defaults to 0 on i
nput line 663.
LaTeX Font Info:    Font shape `OT1/cmtt/bx/n' in size <9> not available
(Font)              Font shape `OT1/cmtt/m/n' tried instead on input line 664.
LaTeX Font Info:    Trying to load font information for OMS+cmr on input line 6
88.

(/usr/local/texlive/2024/texmf-dist/tex/latex/base/omscmr.fd
File: omscmr.fd 2023/04/13 v2.5m Standard LaTeX font definitions
)
LaTeX Font Info:    Font shape `OMS/cmr/m/n' in size <10.95> not available
(Font)              Font shape `OMS/cmsy/m/n' tried instead on input line 688.
 [40] [41])
(../3_fixed/latex/3_fixed.tex [42]
Chapter 3.
<../3_fixed/img/../img/sound.png, id=1211, 207.77625pt x 84.315pt>
File: ../3_fixed/img/../img/sound.png Graphic file (type png)
<use ../3_fixed/img/../img/sound.png>
Package pdftex.def Info: ../3_fixed/img/../img/sound.png  used on input line 41
.
(pdftex.def)             Requested size: 207.77573pt x 84.31477pt.
[43

]
<../3_fixed/img/../img/struc.png, id=1218, 263.98625pt x 191.71625pt>
File: ../3_fixed/img/../img/struc.png Graphic file (type png)
<use ../3_fixed/img/../img/struc.png>
Package pdftex.def Info: ../3_fixed/img/../img/struc.png  used on input line 74
.
(pdftex.def)             Requested size: 263.9856pt x 191.71577pt.
 [44 <../3_fixed/img/../img/sound.png> <../3_fixed/img/../img/struc.png>]
<../3_fixed/img/../img/texture1.png, id=1225, 225.84375pt x 225.84375pt>
File: ../3_fixed/img/../img/texture1.png Graphic file (type png)
<use ../3_fixed/img/../img/texture1.png>
Package pdftex.def Info: ../3_fixed/img/../img/texture1.png  used on input line
 126.
(pdftex.def)             Requested size: 225.84319pt x 225.84319pt.
<../3_fixed/img/../img/linea.png, id=1226, 202.7575pt x 77.28876pt>
File: ../3_fixed/img/../img/linea.png Graphic file (type png)
<use ../3_fixed/img/../img/linea.png>
Package pdftex.def Info: ../3_fixed/img/../img/linea.png  used on input line 16
6.
(pdftex.def)             Requested size: 202.757pt x 77.28856pt.
<../3_fixed/img/../img/tremore.png, id=1227, 86.4831pt x 89.8557pt>
File: ../3_fixed/img/../img/tremore.png Graphic file (type png)
<use ../3_fixed/img/../img/tremore.png>
Package pdftex.def Info: ../3_fixed/img/../img/tremore.png  used on input line 
170.
(pdftex.def)             Requested size: 86.48286pt x 89.85547pt.
<../3_fixed/img/../img/scricchiolio.png, id=1228, 803.0pt x 803.0pt>
File: ../3_fixed/img/../img/scricchiolio.png Graphic file (type png)
<use ../3_fixed/img/../img/scricchiolio.png>
Package pdftex.def Info: ../3_fixed/img/../img/scricchiolio.png  used on input 
line 174.
(pdftex.def)             Requested size: 802.99805pt x 802.99805pt.

[45 <../3_fixed/img/../img/texture1.png> <../3_fixed/img/../img/linea.png> <../
3_fixed/img/../img/tremore.png>]
<../3_fixed/img/../img/fruscio.png, id=1235, 296.10625pt x 95.35625pt>
File: ../3_fixed/img/../img/fruscio.png Graphic file (type png)
<use ../3_fixed/img/../img/fruscio.png>
Package pdftex.def Info: ../3_fixed/img/../img/fruscio.png  used on input line 
178.
(pdftex.def)             Requested size: 296.10551pt x 95.356pt.
<../3_fixed/img/../img/rombo.png, id=1236, 215.80624pt x 144.54pt>
File: ../3_fixed/img/../img/rombo.png Graphic file (type png)
<use ../3_fixed/img/../img/rombo.png>
Package pdftex.def Info: ../3_fixed/img/../img/rombo.png  used on input line 18
2.
(pdftex.def)             Requested size: 215.80571pt x 144.53963pt.
<../3_fixed/img/../img/crepitio.png, id=1237, 110.4125pt x 132.495pt>
File: ../3_fixed/img/../img/crepitio.png Graphic file (type png)
<use ../3_fixed/img/../img/crepitio.png>
Package pdftex.def Info: ../3_fixed/img/../img/crepitio.png  used on input line
 186.
(pdftex.def)             Requested size: 110.41222pt x 132.49466pt.
<../3_fixed/img/../img/cigolio.png, id=1238, 199.74625pt x 187.70125pt>
File: ../3_fixed/img/../img/cigolio.png Graphic file (type png)
<use ../3_fixed/img/../img/cigolio.png>
Package pdftex.def Info: ../3_fixed/img/../img/cigolio.png  used on input line 
190.
(pdftex.def)             Requested size: 199.74576pt x 187.70079pt.
<../3_fixed/img/../img/morse.png, id=1239, 141.52875pt x 114.4275pt>
File: ../3_fixed/img/../img/morse.png Graphic file (type png)
<use ../3_fixed/img/../img/morse.png>
Package pdftex.def Info: ../3_fixed/img/../img/morse.png  used on input line 19
4.
(pdftex.def)             Requested size: 141.5284pt x 114.42722pt.
<../3_fixed/img/../img/dyno.png, id=1240, 209.78375pt x 207.77625pt>
File: ../3_fixed/img/../img/dyno.png Graphic file (type png)
<use ../3_fixed/img/../img/dyno.png>
Package pdftex.def Info: ../3_fixed/img/../img/dyno.png  used on input line 208
.
(pdftex.def)             Requested size: 209.78322pt x 207.77573pt.
<../3_fixed/img/../img/static.png, id=1241, 145.54375pt x 100.375pt>
File: ../3_fixed/img/../img/static.png Graphic file (type png)
<use ../3_fixed/img/../img/static.png>
Package pdftex.def Info: ../3_fixed/img/../img/static.png  used on input line 2
16.
(pdftex.def)             Requested size: 145.54338pt x 100.37474pt.
LaTeX Font Info:    Trying to load font information for OML+cmr on input line 2
18.

(/usr/local/texlive/2024/texmf-dist/tex/latex/base/omlcmr.fd
File: omlcmr.fd 2023/04/13 v2.5m Standard LaTeX font definitions
)
LaTeX Font Info:    Font shape `OML/cmr/m/n' in size <10.95> not available
(Font)              Font shape `OML/cmm/m/it' tried instead on input line 218.
<../3_fixed/img/../img/open.png, id=1242, 190.7125pt x 178.6675pt>
File: ../3_fixed/img/../img/open.png Graphic file (type png)
<use ../3_fixed/img/../img/open.png>
Package pdftex.def Info: ../3_fixed/img/../img/open.png  used on input line 220
.
(pdftex.def)             Requested size: 190.71202pt x 178.66705pt.
<../3_fixed/img/../img/close.png, id=1243, 146.5475pt x 155.58125pt>
File: ../3_fixed/img/../img/close.png Graphic file (type png)
<use ../3_fixed/img/../img/close.png>
Package pdftex.def Info: ../3_fixed/img/../img/close.png  used on input line 22
4.
(pdftex.def)             Requested size: 146.54712pt x 155.58086pt.
<../3_fixed/img/../img/alternate.png, id=1244, 127.47626pt x 123.46124pt>
File: ../3_fixed/img/../img/alternate.png Graphic file (type png)
<use ../3_fixed/img/../img/alternate.png>
Package pdftex.def Info: ../3_fixed/img/../img/alternate.png  used on input lin
e 228.
(pdftex.def)             Requested size: 127.47594pt x 123.46092pt.
<../3_fixed/img/../img/varia.png, id=1245, 115.43124pt x 125.46875pt>
File: ../3_fixed/img/../img/varia.png Graphic file (type png)
<use ../3_fixed/img/../img/varia.png>
Package pdftex.def Info: ../3_fixed/img/../img/varia.png  used on input line 23
2.
(pdftex.def)             Requested size: 115.43095pt x 125.46843pt.
<../3_fixed/img/../img/random.png, id=1246, 161.60374pt x 177.66376pt>
File: ../3_fixed/img/../img/random.png Graphic file (type png)
<use ../3_fixed/img/../img/random.png>
Package pdftex.def Info: ../3_fixed/img/../img/random.png  used on input line 2
36.
(pdftex.def)             Requested size: 161.60335pt x 177.66331pt.

Underfull \vbox (badness 10000) has occurred while \output is active []

 [46 <../3_fixed/img/../img/scricchiolio.png> <../3_fixed/img/../img/fruscio.pn
g> <../3_fixed/img/../img/rombo.png> <../3_fixed/img/../img/crepitio.png> <../3
_fixed/img/../img/cigolio.png> <../3_fixed/img/../img/morse.png> <../3_fixed/im
g/../img/dyno.png> <../3_fixed/img/../img/static.png> <../3_fixed/img/../img/op
en.png> <../3_fixed/img/../img/close.png> <../3_fixed/img/../img/alternate.png>
 <../3_fixed/img/../img/varia.png> <../3_fixed/img/../img/random.png>]
<../3_fixed/img/../img/scultura.png, id=1267, 117.43875pt x 149.55875pt>
File: ../3_fixed/img/../img/scultura.png Graphic file (type png)
<use ../3_fixed/img/../img/scultura.png>
Package pdftex.def Info: ../3_fixed/img/../img/scultura.png  used on input line
 279.
(pdftex.def)             Requested size: 117.43845pt x 149.55838pt.
<../3_fixed/img/../img/metronomo.png, id=1268, 225.84375pt x 225.84375pt>
File: ../3_fixed/img/../img/metronomo.png Graphic file (type png)
<use ../3_fixed/img/../img/metronomo.png>
Package pdftex.def Info: ../3_fixed/img/../img/metronomo.png  used on input lin
e 285.
(pdftex.def)             Requested size: 225.84319pt x 225.84319pt.
<../3_fixed/img/../img/corsie.png, id=1269, 225.84375pt x 225.84375pt>
File: ../3_fixed/img/../img/corsie.png Graphic file (type png)
<use ../3_fixed/img/../img/corsie.png>
Package pdftex.def Info: ../3_fixed/img/../img/corsie.png  used on input line 2
91.
(pdftex.def)             Requested size: 225.84319pt x 225.84319pt.
<../3_fixed/img/../img/pianoroll.png, id=1270, 306.14375pt x 165.61874pt>
File: ../3_fixed/img/../img/pianoroll.png Graphic file (type png)
<use ../3_fixed/img/../img/pianoroll.png>
Package pdftex.def Info: ../3_fixed/img/../img/pianoroll.png  used on input lin
e 297.
(pdftex.def)             Requested size: 306.14299pt x 165.61833pt.

Underfull \vbox (badness 4608) has occurred while \output is active []

 [47 <../3_fixed/img/../img/scultura.png> <../3_fixed/img/../img/metronomo.png>
 <../3_fixed/img/../img/corsie.png>] [48 <../3_fixed/img/../img/pianoroll.png>]
 [49]
[50] [51] [52] [53] [54]
<../3_fixed/img/../img/kbus.png, id=1464, 315.1775pt x 207.77625pt>
File: ../3_fixed/img/../img/kbus.png Graphic file (type png)
<use ../3_fixed/img/../img/kbus.png>
Package pdftex.def Info: ../3_fixed/img/../img/kbus.png  used on input line 751
.
(pdftex.def)             Requested size: 315.17673pt x 207.77573pt.
 [55 <../3_fixed/img/../img/kbus.png>] [56] [57]
<../3_fixed/img/../img/scores.png, id=1611, 661.7523pt x 138.0357pt>
File: ../3_fixed/img/../img/scores.png Graphic file (type png)
<use ../3_fixed/img/../img/scores.png>
Package pdftex.def Info: ../3_fixed/img/../img/scores.png  used on input line 9
72.
(pdftex.def)             Requested size: 661.75069pt x 138.03535pt.
)
(../4_cmusic/latex/4_cmusic.tex [58 <../3_fixed/img/../img/scores.png>]
Chapter 4.
[59

]
Overfull \hbox (1.85316pt too wide) in paragraph at lines 50--51
[]\OT1/cmr/m/n/10.95 Aa ex-am-ple an exrept from [][]Lyric Vari-a-tions[][] for
 Vi-o-lin and Com-puter (1965-1968) by J.K.Randall
 []

[60]
<../4_cmusic/img/../img/mozart_tables.png, id=1655, 1400.23125pt x 764.8575pt>
File: ../4_cmusic/img/../img/mozart_tables.png Graphic file (type png)
<use ../4_cmusic/img/../img/mozart_tables.png>
Package pdftex.def Info: ../4_cmusic/img/../img/mozart_tables.png  used on inpu
t line 135.
(pdftex.def)             Requested size: 1400.22784pt x 764.85562pt.
<../4_cmusic/img/../img/mozart_tables_1.png, id=1656, 1395.2125pt x 492.84125pt
>
File: ../4_cmusic/img/../img/mozart_tables_1.png Graphic file (type png)
<use ../4_cmusic/img/../img/mozart_tables_1.png>
Package pdftex.def Info: ../4_cmusic/img/../img/mozart_tables_1.png  used on in
put line 136.
(pdftex.def)             Requested size: 1395.20909pt x 492.84003pt.
 [61 <../4_cmusic/img/../img/mozart_tables.png> <../4_cmusic/img/../img/mozart_
tables_1.png>]
<../4_cmusic/img/../img/Music_O_C.png, id=1664, 996.72375pt x 524.96124pt>
File: ../4_cmusic/img/../img/Music_O_C.png Graphic file (type png)
<use ../4_cmusic/img/../img/Music_O_C.png>
Package pdftex.def Info: ../4_cmusic/img/../img/Music_O_C.png  used on input li
ne 149.
(pdftex.def)             Requested size: 996.72133pt x 524.95996pt.
<../4_cmusic/img/../img/Cuiusvis_toni.png, id=1665, 438.63875pt x 199.74625pt>
File: ../4_cmusic/img/../img/Cuiusvis_toni.png Graphic file (type png)
<use ../4_cmusic/img/../img/Cuiusvis_toni.png>
Package pdftex.def Info: ../4_cmusic/img/../img/Cuiusvis_toni.png  used on inpu
t line 186.
(pdftex.def)             Requested size: 438.63766pt x 199.74576pt.

Overfull \hbox (0.30794pt too wide) in paragraph at lines 192--193
[]\OT1/cmr/m/n/10.95 It can be played by vi-o-lin, flute (in-clud-ing pic-colo)
, oboe (in-clud-ing oboe d'amore,
 []

<../4_cmusic/img/../img/maderna_1.png, id=1666, 702.625pt x 481.8pt>
File: ../4_cmusic/img/../img/maderna_1.png Graphic file (type png)
<use ../4_cmusic/img/../img/maderna_1.png>
Package pdftex.def Info: ../4_cmusic/img/../img/maderna_1.png  used on input li
ne 197.
(pdftex.def)             Requested size: 702.62328pt x 481.79881pt.

Underfull \vbox (badness 1199) has occurred while \output is active []

 [62 <../4_cmusic/img/../img/Music_O_C.png> <../4_cmusic/img/../img/Cuiusvis_to
ni.png>]
<../4_cmusic/img/../img/brown1.png, id=1673, 632.3625pt x 159.59625pt>
File: ../4_cmusic/img/../img/brown1.png Graphic file (type png)
<use ../4_cmusic/img/../img/brown1.png>
Package pdftex.def Info: ../4_cmusic/img/../img/brown1.png  used on input line 
205.
(pdftex.def)             Requested size: 632.36096pt x 159.59584pt.
<../4_cmusic/img/../img/feld.png, id=1674, 627.34375pt x 323.2075pt>
File: ../4_cmusic/img/../img/feld.png Graphic file (type png)
<use ../4_cmusic/img/../img/feld.png>
Package pdftex.def Info: ../4_cmusic/img/../img/feld.png  used on input line 21
0.
(pdftex.def)             Requested size: 627.34221pt x 323.20671pt.
<../4_cmusic/img/../img/intu.png, id=1675, 849.1725pt x 575.14874pt>
File: ../4_cmusic/img/../img/intu.png Graphic file (type png)
<use ../4_cmusic/img/../img/intu.png>
Package pdftex.def Info: ../4_cmusic/img/../img/intu.png  used on input line 21
5.
(pdftex.def)             Requested size: 849.17043pt x 575.14734pt.

Underfull \vbox (badness 10000) has occurred while \output is active []

 [63 <../4_cmusic/img/../img/maderna_1.png> <../4_cmusic/img/../img/brown1.png>
 <../4_cmusic/img/../img/feld.png>] [64 <../4_cmusic/img/../img/intu.png>] [65]
 [66]
[67] [68] [69]
<../4_cmusic/img/../img/pwm.png, id=1934, 622.325pt x 435.6275pt>
File: ../4_cmusic/img/../img/pwm.png Graphic file (type png)
<use ../4_cmusic/img/../img/pwm.png>
Package pdftex.def Info: ../4_cmusic/img/../img/pwm.png  used on input line 627
.
(pdftex.def)             Requested size: 622.32347pt x 435.62643pt.
 [70 <../4_cmusic/img/../img/pwm.png>] [71] [72]
<../4_cmusic/img/../img/filt_1.png, id=2056, 298.11375pt x 304.13625pt>
File: ../4_cmusic/img/../img/filt_1.png Graphic file (type png)
<use ../4_cmusic/img/../img/filt_1.png>
Package pdftex.def Info: ../4_cmusic/img/../img/filt_1.png  used on input line 
873.
(pdftex.def)             Requested size: 298.11302pt x 304.1355pt.
 [73] [74 <../4_cmusic/img/../img/filt_1.png>] [75] [76] [77] [78] [79] [80] [8
1] [82] [83])
(../5_cac/latex/5_cac.tex [84]
Chapter 5.
<../5_cac/img/../img/illiac.png, id=2561, 1150.2975pt x 647.41875pt>
File: ../5_cac/img/../img/illiac.png Graphic file (type png)
<use ../5_cac/img/../img/illiac.png>
Package pdftex.def Info: ../5_cac/img/../img/illiac.png  used on input line 12.

(pdftex.def)             Requested size: 1150.29471pt x 647.41716pt.
[85

 <../5_cac/img/../img/illiac.png>] [86] [87] [88] [89] [90] [91] [92]
[93] [94] [95] [96] [97] [98] [99] [100] [101] [102] [103] [104] [105])
(../6_lvset/latex/6_lvset.tex [106]
Chapter 6.
<../6_lvset/img/../img/cartridge.png, id=3380, 1075.01625pt x 864.22874pt>
File: ../6_lvset/img/../img/cartridge.png Graphic file (type png)
<use ../6_lvset/img/../img/cartridge.png>
Package pdftex.def Info: ../6_lvset/img/../img/cartridge.png  used on input lin
e 24.
(pdftex.def)             Requested size: 1075.01364pt x 864.22662pt.
[107

 <../6_lvset/img/../img/cartridge.png>] [108] [109] [110] [111] [112]
[113]
<../6_lvset/img/../img/MIDI_1.png, id=3628, 401.5pt x 324.21124pt>
File: ../6_lvset/img/../img/MIDI_1.png Graphic file (type png)
<use ../6_lvset/img/../img/MIDI_1.png>
Package pdftex.def Info: ../6_lvset/img/../img/MIDI_1.png  used on input line 5
27.
(pdftex.def)             Requested size: 401.49901pt x 324.21045pt.
 [114 <../6_lvset/img/../img/MIDI_1.png>] [115] [116] [117]
<../6_lvset/img/../img/osc_1.png, id=3778, 393.47pt x 251.94125pt>
File: ../6_lvset/img/../img/osc_1.png Graphic file (type png)
<use ../6_lvset/img/../img/osc_1.png>
Package pdftex.def Info: ../6_lvset/img/../img/osc_1.png  used on input line 79
6.
(pdftex.def)             Requested size: 393.46902pt x 251.94063pt.
 [118 <../6_lvset/img/../img/osc_1.png>] [119] [120] [121] [122] [123] [124]
LaTeX Font Info:    Trying to load font information for TS1+cmtt on input line 
1234.

(/usr/local/texlive/2024/texmf-dist/tex/latex/base/ts1cmtt.fd
File: ts1cmtt.fd 2023/04/13 v2.5m Standard LaTeX font definitions
) [125] [126]
<../6_lvset/img/../img/kont.png, id=4158, 614.295pt x 205.76875pt>
File: ../6_lvset/img/../img/kont.png Graphic file (type png)
<use ../6_lvset/img/../img/kont.png>
Package pdftex.def Info: ../6_lvset/img/../img/kont.png  used on input line 138
5.
(pdftex.def)             Requested size: 614.29349pt x 205.76823pt.
<../6_lvset/img/../img/kokoras.png, id=4159, 874.26625pt x 260.975pt>
File: ../6_lvset/img/../img/kokoras.png Graphic file (type png)
<use ../6_lvset/img/../img/kokoras.png>
Package pdftex.def Info: ../6_lvset/img/../img/kokoras.png  used on input line 
1390.
(pdftex.def)             Requested size: 874.26411pt x 260.97437pt.

[127 <../6_lvset/img/../img/kont.png> <../6_lvset/img/../img/kokoras.png>]
<../6_lvset/img/../img/mapping.png, id=4175, 438.438pt x 244.7544pt>
File: ../6_lvset/img/../img/mapping.png Graphic file (type png)
<use ../6_lvset/img/../img/mapping.png>
Package pdftex.def Info: ../6_lvset/img/../img/mapping.png  used on input line 
1445.
(pdftex.def)             Requested size: 438.43692pt x 244.75378pt.


Package hyperref Warning: Token not allowed in a PDF string (Unicode):
(hyperref)                removing `math shift' on input line 1448.


Package hyperref Warning: Token not allowed in a PDF string (Unicode):
(hyperref)                removing `\rightarrow' on input line 1448.

[128 <../6_lvset/img/../img/mapping.png>]

Package hyperref Warning: Token not allowed in a PDF string (Unicode):
(hyperref)                removing `math shift' on input line 1482.


Package hyperref Warning: Token not allowed in a PDF string (Unicode):
(hyperref)                removing `\rightarrow' on input line 1482.


Package hyperref Warning: Token not allowed in a PDF string (Unicode):
(hyperref)                removing `math shift' on input line 1516.


Package hyperref Warning: Token not allowed in a PDF string (Unicode):
(hyperref)                removing `\rightarrow' on input line 1516.

[129]
<../6_lvset/img/../img/dialogue.png, id=4263, 552.0625pt x 312.16624pt>
File: ../6_lvset/img/../img/dialogue.png Graphic file (type png)
<use ../6_lvset/img/../img/dialogue.png>
Package pdftex.def Info: ../6_lvset/img/../img/dialogue.png  used on input line
 1561.
(pdftex.def)             Requested size: 552.06114pt x 312.16548pt.
<../6_lvset/img/../img/cross.png, id=4264, 679.53876pt x 91.34125pt>
File: ../6_lvset/img/../img/cross.png Graphic file (type png)
<use ../6_lvset/img/../img/cross.png>
Package pdftex.def Info: ../6_lvset/img/../img/cross.png  used on input line 15
69.
(pdftex.def)             Requested size: 679.53711pt x 91.34102pt.
 [130 <../6_lvset/img/../img/dialogue.png>] [131 <../6_lvset/img/../img/cross.p
ng>]) (../7_hyper/latex/7_hyper.tex [132]
Chapter 7.
) (../8_lvcod/latex/8_lvcod.tex
Underfull \vbox (badness 10000) has occurred while \output is active []

 [133

]
[134]
Chapter 8.
) [135

] [136

] (./tutto.lol [137])
\tf@lol=\write5
\openout5 = `tutto.lol'.

 [138] (./tutto.aux)
 ***********
LaTeX2e <2023-11-01> patch level 1
L3 programming layer <2024-02-20>
 ***********


LaTeX Warning: There were undefined references.


LaTeX Warning: There were multiply-defined labels.

Package rerunfilecheck Info: File `tutto.out' has not changed.
(rerunfilecheck)             Checksum: 6346E739AF9797B76A2D1573313918CB;23855.
 ) 
Here is how much of TeX's memory you used:
 18363 strings out of 474116
 295409 string characters out of 5743682
 3177187 words of memory out of 5000000
 37494 multiletter control sequences out of 15000+600000
 568964 words of font info for 76 fonts, out of 8000000 for 9000
 1141 hyphenation exceptions out of 8191
 69i,6n,79p,642b,2131s stack positions out of 10000i,1000n,20000p,200000b,200000s
</usr/local/texlive/2024/texmf-dist/fonts/type1/public/amsfonts/cm/cmbx10.pfb
></usr/local/texlive/2024/texmf-dist/fonts/type1/public/amsfonts/cm/cmbx12.pfb>
</usr/local/texlive/2024/texmf-dist/fonts/type1/public/amsfonts/cm/cmmi10.pfb><
/usr/local/texlive/2024/texmf-dist/fonts/type1/public/amsfonts/cm/cmr10.pfb></u
sr/local/texlive/2024/texmf-dist/fonts/type1/public/amsfonts/cm/cmr12.pfb></usr
/local/texlive/2024/texmf-dist/fonts/type1/public/amsfonts/cm/cmr17.pfb></usr/l
ocal/texlive/2024/texmf-dist/fonts/type1/public/amsfonts/cm/cmr6.pfb></usr/loca
l/texlive/2024/texmf-dist/fonts/type1/public/amsfonts/cm/cmsl10.pfb></usr/local
/texlive/2024/texmf-dist/fonts/type1/public/amsfonts/cm/cmsy10.pfb></usr/local/
texlive/2024/texmf-dist/fonts/type1/public/amsfonts/cm/cmti10.pfb></usr/local/t
exlive/2024/texmf-dist/fonts/type1/public/amsfonts/cm/cmtt9.pfb></usr/local/tex
live/2024/texmf-dist/fonts/type1/public/cm-super/sfrm1095.pfb></usr/local/texli
ve/2024/texmf-dist/fonts/type1/public/cm-super/sftt0900.pfb>
Output written on tutto.pdf (138 pages, 6643849 bytes).
PDF statistics:
 5135 PDF objects out of 5155 (max. 8388607)
 4760 compressed objects within 48 object streams
 2998 named destinations out of 3580 (max. 500000)
 1738 words of extra memory for PDF output out of 10000 (max. 10000000)

